::1 - - [Thu, 30 Jul 2015 07:50:28 GMT] "GET / HTTP/1.1" 200 3241 "http://localhost:3000/post" "Mozilla/5.0 (Windows NT 6.1; WOW64) AppleWebKit/537.36 (KHTML, like Gecko) Chrome/43.0.2327.5 Safari/537.36"
::1 - - [Thu, 30 Jul 2015 07:50:28 GMT] "GET /stylesheets/style.css HTTP/1.1" 304 - "http://localhost:3000/" "Mozilla/5.0 (Windows NT 6.1; WOW64) AppleWebKit/537.36 (KHTML, like Gecko) Chrome/43.0.2327.5 Safari/537.36"
::1 - - [Thu, 30 Jul 2015 07:50:31 GMT] "GET /login HTTP/1.1" 200 1718 "http://localhost:3000/" "Mozilla/5.0 (Windows NT 6.1; WOW64) AppleWebKit/537.36 (KHTML, like Gecko) Chrome/43.0.2327.5 Safari/537.36"
::1 - - [Thu, 30 Jul 2015 07:50:31 GMT] "GET /stylesheets/style.css HTTP/1.1" 304 - "http://localhost:3000/login" "Mozilla/5.0 (Windows NT 6.1; WOW64) AppleWebKit/537.36 (KHTML, like Gecko) Chrome/43.0.2327.5 Safari/537.36"
::1 - - [Thu, 30 Jul 2015 07:50:32 GMT] "POST /login HTTP/1.1" 302 58 "http://localhost:3000/login" "Mozilla/5.0 (Windows NT 6.1; WOW64) AppleWebKit/537.36 (KHTML, like Gecko) Chrome/43.0.2327.5 Safari/537.36"
::1 - - [Thu, 30 Jul 2015 07:50:32 GMT] "GET / HTTP/1.1" 200 3382 "http://localhost:3000/login" "Mozilla/5.0 (Windows NT 6.1; WOW64) AppleWebKit/537.36 (KHTML, like Gecko) Chrome/43.0.2327.5 Safari/537.36"
::1 - - [Thu, 30 Jul 2015 07:50:32 GMT] "GET /stylesheets/style.css HTTP/1.1" 304 - "http://localhost:3000/" "Mozilla/5.0 (Windows NT 6.1; WOW64) AppleWebKit/537.36 (KHTML, like Gecko) Chrome/43.0.2327.5 Safari/537.36"
::1 - - [Thu, 30 Jul 2015 07:52:08 GMT] "GET /p/55b9d5bfaa381be80df833c0 HTTP/1.1" 200 2096 "http://localhost:3000/" "Mozilla/5.0 (Windows NT 6.1; WOW64) AppleWebKit/537.36 (KHTML, like Gecko) Chrome/43.0.2327.5 Safari/537.36"
::1 - - [Thu, 30 Jul 2015 07:52:08 GMT] "GET /stylesheets/style.css HTTP/1.1" 304 - "http://localhost:3000/p/55b9d5bfaa381be80df833c0" "Mozilla/5.0 (Windows NT 6.1; WOW64) AppleWebKit/537.36 (KHTML, like Gecko) Chrome/43.0.2327.5 Safari/537.36"
::1 - - [Thu, 30 Jul 2015 07:52:09 GMT] "GET /p/55b9d5bfaa381be80df833c0 HTTP/1.1" 200 2096 "http://localhost:3000/" "Mozilla/5.0 (Windows NT 6.1; WOW64) AppleWebKit/537.36 (KHTML, like Gecko) Chrome/43.0.2327.5 Safari/537.36"
::1 - - [Thu, 30 Jul 2015 07:52:09 GMT] "GET /stylesheets/style.css HTTP/1.1" 304 - "http://localhost:3000/p/55b9d5bfaa381be80df833c0" "Mozilla/5.0 (Windows NT 6.1; WOW64) AppleWebKit/537.36 (KHTML, like Gecko) Chrome/43.0.2327.5 Safari/537.36"
::1 - - [Thu, 30 Jul 2015 07:52:09 GMT] "GET /p/55b9d5bfaa381be80df833c0 HTTP/1.1" 200 2096 "http://localhost:3000/" "Mozilla/5.0 (Windows NT 6.1; WOW64) AppleWebKit/537.36 (KHTML, like Gecko) Chrome/43.0.2327.5 Safari/537.36"
::1 - - [Thu, 30 Jul 2015 07:52:09 GMT] "GET /stylesheets/style.css HTTP/1.1" 304 - "http://localhost:3000/p/55b9d5bfaa381be80df833c0" "Mozilla/5.0 (Windows NT 6.1; WOW64) AppleWebKit/537.36 (KHTML, like Gecko) Chrome/43.0.2327.5 Safari/537.36"
::1 - - [Thu, 30 Jul 2015 07:52:09 GMT] "GET /p/55b9d5bfaa381be80df833c0 HTTP/1.1" 200 2096 "http://localhost:3000/" "Mozilla/5.0 (Windows NT 6.1; WOW64) AppleWebKit/537.36 (KHTML, like Gecko) Chrome/43.0.2327.5 Safari/537.36"
::1 - - [Thu, 30 Jul 2015 07:52:09 GMT] "GET /stylesheets/style.css HTTP/1.1" 304 - "http://localhost:3000/p/55b9d5bfaa381be80df833c0" "Mozilla/5.0 (Windows NT 6.1; WOW64) AppleWebKit/537.36 (KHTML, like Gecko) Chrome/43.0.2327.5 Safari/537.36"
::1 - - [Thu, 30 Jul 2015 07:52:10 GMT] "GET /p/55b9d5bfaa381be80df833c0 HTTP/1.1" 200 2096 "http://localhost:3000/" "Mozilla/5.0 (Windows NT 6.1; WOW64) AppleWebKit/537.36 (KHTML, like Gecko) Chrome/43.0.2327.5 Safari/537.36"
::1 - - [Thu, 30 Jul 2015 07:52:10 GMT] "GET /stylesheets/style.css HTTP/1.1" 304 - "http://localhost:3000/p/55b9d5bfaa381be80df833c0" "Mozilla/5.0 (Windows NT 6.1; WOW64) AppleWebKit/537.36 (KHTML, like Gecko) Chrome/43.0.2327.5 Safari/537.36"
::1 - - [Thu, 30 Jul 2015 07:52:10 GMT] "GET /p/55b9d5bfaa381be80df833c0 HTTP/1.1" 200 2096 "http://localhost:3000/" "Mozilla/5.0 (Windows NT 6.1; WOW64) AppleWebKit/537.36 (KHTML, like Gecko) Chrome/43.0.2327.5 Safari/537.36"
::1 - - [Thu, 30 Jul 2015 07:52:10 GMT] "GET /stylesheets/style.css HTTP/1.1" 304 - "http://localhost:3000/p/55b9d5bfaa381be80df833c0" "Mozilla/5.0 (Windows NT 6.1; WOW64) AppleWebKit/537.36 (KHTML, like Gecko) Chrome/43.0.2327.5 Safari/537.36"
::1 - - [Thu, 30 Jul 2015 07:52:10 GMT] "GET /p/55b9d5bfaa381be80df833c0 HTTP/1.1" 200 2097 "http://localhost:3000/" "Mozilla/5.0 (Windows NT 6.1; WOW64) AppleWebKit/537.36 (KHTML, like Gecko) Chrome/43.0.2327.5 Safari/537.36"
::1 - - [Thu, 30 Jul 2015 07:52:10 GMT] "GET /stylesheets/style.css HTTP/1.1" 304 - "http://localhost:3000/p/55b9d5bfaa381be80df833c0" "Mozilla/5.0 (Windows NT 6.1; WOW64) AppleWebKit/537.36 (KHTML, like Gecko) Chrome/43.0.2327.5 Safari/537.36"
::1 - - [Thu, 30 Jul 2015 07:52:10 GMT] "GET /p/55b9d5bfaa381be80df833c0 HTTP/1.1" 200 2097 "http://localhost:3000/" "Mozilla/5.0 (Windows NT 6.1; WOW64) AppleWebKit/537.36 (KHTML, like Gecko) Chrome/43.0.2327.5 Safari/537.36"
::1 - - [Thu, 30 Jul 2015 07:52:10 GMT] "GET /stylesheets/style.css HTTP/1.1" 304 - "http://localhost:3000/p/55b9d5bfaa381be80df833c0" "Mozilla/5.0 (Windows NT 6.1; WOW64) AppleWebKit/537.36 (KHTML, like Gecko) Chrome/43.0.2327.5 Safari/537.36"
::1 - - [Thu, 30 Jul 2015 07:52:10 GMT] "GET /p/55b9d5bfaa381be80df833c0 HTTP/1.1" 200 2097 "http://localhost:3000/" "Mozilla/5.0 (Windows NT 6.1; WOW64) AppleWebKit/537.36 (KHTML, like Gecko) Chrome/43.0.2327.5 Safari/537.36"
::1 - - [Thu, 30 Jul 2015 07:52:10 GMT] "GET /stylesheets/style.css HTTP/1.1" 304 - "http://localhost:3000/p/55b9d5bfaa381be80df833c0" "Mozilla/5.0 (Windows NT 6.1; WOW64) AppleWebKit/537.36 (KHTML, like Gecko) Chrome/43.0.2327.5 Safari/537.36"
::1 - - [Thu, 30 Jul 2015 07:52:11 GMT] "GET /p/55b9d5bfaa381be80df833c0 HTTP/1.1" 200 2097 "http://localhost:3000/" "Mozilla/5.0 (Windows NT 6.1; WOW64) AppleWebKit/537.36 (KHTML, like Gecko) Chrome/43.0.2327.5 Safari/537.36"
::1 - - [Thu, 30 Jul 2015 07:52:11 GMT] "GET /stylesheets/style.css HTTP/1.1" 304 - "http://localhost:3000/p/55b9d5bfaa381be80df833c0" "Mozilla/5.0 (Windows NT 6.1; WOW64) AppleWebKit/537.36 (KHTML, like Gecko) Chrome/43.0.2327.5 Safari/537.36"
::1 - - [Thu, 30 Jul 2015 07:52:11 GMT] "GET / HTTP/1.1" 200 3242 "http://localhost:3000/p/55b9d5bfaa381be80df833c0" "Mozilla/5.0 (Windows NT 6.1; WOW64) AppleWebKit/537.36 (KHTML, like Gecko) Chrome/43.0.2327.5 Safari/537.36"
::1 - - [Thu, 30 Jul 2015 07:52:11 GMT] "GET /stylesheets/style.css HTTP/1.1" 304 - "http://localhost:3000/" "Mozilla/5.0 (Windows NT 6.1; WOW64) AppleWebKit/537.36 (KHTML, like Gecko) Chrome/43.0.2327.5 Safari/537.36"
::1 - - [Thu, 30 Jul 2015 07:52:14 GMT] "GET /p/55b9d5d5aa381be80df833c2 HTTP/1.1" 200 2165 "http://localhost:3000/" "Mozilla/5.0 (Windows NT 6.1; WOW64) AppleWebKit/537.36 (KHTML, like Gecko) Chrome/43.0.2327.5 Safari/537.36"
::1 - - [Thu, 30 Jul 2015 07:52:14 GMT] "GET /stylesheets/style.css HTTP/1.1" 304 - "http://localhost:3000/p/55b9d5d5aa381be80df833c2" "Mozilla/5.0 (Windows NT 6.1; WOW64) AppleWebKit/537.36 (KHTML, like Gecko) Chrome/43.0.2327.5 Safari/537.36"
::1 - - [Thu, 30 Jul 2015 07:52:16 GMT] "GET /p/55b9d5bfaa381be80df833c0 HTTP/1.1" 200 2097 "http://localhost:3000/" "Mozilla/5.0 (Windows NT 6.1; WOW64) AppleWebKit/537.36 (KHTML, like Gecko) Chrome/43.0.2327.5 Safari/537.36"
::1 - - [Thu, 30 Jul 2015 07:52:16 GMT] "GET /stylesheets/style.css HTTP/1.1" 304 - "http://localhost:3000/p/55b9d5bfaa381be80df833c0" "Mozilla/5.0 (Windows NT 6.1; WOW64) AppleWebKit/537.36 (KHTML, like Gecko) Chrome/43.0.2327.5 Safari/537.36"
::1 - - [Thu, 30 Jul 2015 07:52:20 GMT] "GET /p/55b9d5bfaa381be80df833c0 HTTP/1.1" 200 2097 "http://localhost:3000/" "Mozilla/5.0 (Windows NT 6.1; WOW64) AppleWebKit/537.36 (KHTML, like Gecko) Chrome/43.0.2327.5 Safari/537.36"
::1 - - [Thu, 30 Jul 2015 07:52:20 GMT] "GET /stylesheets/style.css HTTP/1.1" 304 - "http://localhost:3000/p/55b9d5bfaa381be80df833c0" "Mozilla/5.0 (Windows NT 6.1; WOW64) AppleWebKit/537.36 (KHTML, like Gecko) Chrome/43.0.2327.5 Safari/537.36"
::1 - - [Thu, 30 Jul 2015 07:52:22 GMT] "GET /archive HTTP/1.1" 200 2058 "http://localhost:3000/" "Mozilla/5.0 (Windows NT 6.1; WOW64) AppleWebKit/537.36 (KHTML, like Gecko) Chrome/43.0.2327.5 Safari/537.36"
::1 - - [Thu, 30 Jul 2015 07:52:22 GMT] "GET /stylesheets/style.css HTTP/1.1" 304 - "http://localhost:3000/archive" "Mozilla/5.0 (Windows NT 6.1; WOW64) AppleWebKit/537.36 (KHTML, like Gecko) Chrome/43.0.2327.5 Safari/537.36"
::1 - - [Thu, 30 Jul 2015 07:52:23 GMT] "GET /u/111/2015-7-30/[%E8%BD%AC%E8%BD%BD]111 HTTP/1.1" 200 207 "http://localhost:3000/archive" "Mozilla/5.0 (Windows NT 6.1; WOW64) AppleWebKit/537.36 (KHTML, like Gecko) Chrome/43.0.2327.5 Safari/537.36"
::1 - - [Thu, 30 Jul 2015 07:52:26 GMT] "GET /u/111/2015-7-30/[%E8%BD%AC%E8%BD%BD]111 HTTP/1.1" 304 - "http://localhost:3000/archive" "Mozilla/5.0 (Windows NT 6.1; WOW64) AppleWebKit/537.36 (KHTML, like Gecko) Chrome/43.0.2327.5 Safari/537.36"
::1 - - [Thu, 30 Jul 2015 07:54:12 GMT] "GET /archive HTTP/1.1" 200 2064 "http://localhost:3000/" "Mozilla/5.0 (Windows NT 6.1; WOW64) AppleWebKit/537.36 (KHTML, like Gecko) Chrome/43.0.2327.5 Safari/537.36"
::1 - - [Thu, 30 Jul 2015 07:54:12 GMT] "GET /stylesheets/style.css HTTP/1.1" 304 - "http://localhost:3000/archive" "Mozilla/5.0 (Windows NT 6.1; WOW64) AppleWebKit/537.36 (KHTML, like Gecko) Chrome/43.0.2327.5 Safari/537.36"
::1 - - [Thu, 30 Jul 2015 07:54:13 GMT] "GET /p/55b9d5d5aa381be80df833c2 HTTP/1.1" 200 2165 "http://localhost:3000/archive" "Mozilla/5.0 (Windows NT 6.1; WOW64) AppleWebKit/537.36 (KHTML, like Gecko) Chrome/43.0.2327.5 Safari/537.36"
::1 - - [Thu, 30 Jul 2015 07:54:13 GMT] "GET /stylesheets/style.css HTTP/1.1" 304 - "http://localhost:3000/p/55b9d5d5aa381be80df833c2" "Mozilla/5.0 (Windows NT 6.1; WOW64) AppleWebKit/537.36 (KHTML, like Gecko) Chrome/43.0.2327.5 Safari/537.36"
::1 - - [Thu, 30 Jul 2015 07:54:15 GMT] "GET /p/55b9d5bfaa381be80df833c0 HTTP/1.1" 200 2097 "http://localhost:3000/archive" "Mozilla/5.0 (Windows NT 6.1; WOW64) AppleWebKit/537.36 (KHTML, like Gecko) Chrome/43.0.2327.5 Safari/537.36"
::1 - - [Thu, 30 Jul 2015 07:54:15 GMT] "GET /stylesheets/style.css HTTP/1.1" 304 - "http://localhost:3000/p/55b9d5bfaa381be80df833c0" "Mozilla/5.0 (Windows NT 6.1; WOW64) AppleWebKit/537.36 (KHTML, like Gecko) Chrome/43.0.2327.5 Safari/537.36"
::1 - - [Thu, 30 Jul 2015 07:54:17 GMT] "GET /p/55b9d5d5aa381be80df833c2 HTTP/1.1" 200 2165 "http://localhost:3000/archive" "Mozilla/5.0 (Windows NT 6.1; WOW64) AppleWebKit/537.36 (KHTML, like Gecko) Chrome/43.0.2327.5 Safari/537.36"
::1 - - [Thu, 30 Jul 2015 07:54:17 GMT] "GET /stylesheets/style.css HTTP/1.1" 304 - "http://localhost:3000/p/55b9d5d5aa381be80df833c2" "Mozilla/5.0 (Windows NT 6.1; WOW64) AppleWebKit/537.36 (KHTML, like Gecko) Chrome/43.0.2327.5 Safari/537.36"
::1 - - [Thu, 30 Jul 2015 07:54:19 GMT] "GET /p/55b9d5bfaa381be80df833c0 HTTP/1.1" 200 2097 "http://localhost:3000/archive" "Mozilla/5.0 (Windows NT 6.1; WOW64) AppleWebKit/537.36 (KHTML, like Gecko) Chrome/43.0.2327.5 Safari/537.36"
::1 - - [Thu, 30 Jul 2015 07:54:19 GMT] "GET /stylesheets/style.css HTTP/1.1" 304 - "http://localhost:3000/p/55b9d5bfaa381be80df833c0" "Mozilla/5.0 (Windows NT 6.1; WOW64) AppleWebKit/537.36 (KHTML, like Gecko) Chrome/43.0.2327.5 Safari/537.36"
::1 - - [Thu, 30 Jul 2015 07:54:20 GMT] "GET /archive HTTP/1.1" 304 - "http://localhost:3000/" "Mozilla/5.0 (Windows NT 6.1; WOW64) AppleWebKit/537.36 (KHTML, like Gecko) Chrome/43.0.2327.5 Safari/537.36"
::1 - - [Thu, 30 Jul 2015 07:54:20 GMT] "GET /stylesheets/style.css HTTP/1.1" 304 - "http://localhost:3000/archive" "Mozilla/5.0 (Windows NT 6.1; WOW64) AppleWebKit/537.36 (KHTML, like Gecko) Chrome/43.0.2327.5 Safari/537.36"
::1 - - [Thu, 30 Jul 2015 07:54:21 GMT] "GET /archive HTTP/1.1" 304 - "http://localhost:3000/archive" "Mozilla/5.0 (Windows NT 6.1; WOW64) AppleWebKit/537.36 (KHTML, like Gecko) Chrome/43.0.2327.5 Safari/537.36"
::1 - - [Thu, 30 Jul 2015 07:54:21 GMT] "GET /stylesheets/style.css HTTP/1.1" 304 - "http://localhost:3000/archive" "Mozilla/5.0 (Windows NT 6.1; WOW64) AppleWebKit/537.36 (KHTML, like Gecko) Chrome/43.0.2327.5 Safari/537.36"
::1 - - [Thu, 30 Jul 2015 07:54:22 GMT] "GET / HTTP/1.1" 200 3242 "http://localhost:3000/archive" "Mozilla/5.0 (Windows NT 6.1; WOW64) AppleWebKit/537.36 (KHTML, like Gecko) Chrome/43.0.2327.5 Safari/537.36"
::1 - - [Thu, 30 Jul 2015 07:54:22 GMT] "GET /stylesheets/style.css HTTP/1.1" 304 - "http://localhost:3000/" "Mozilla/5.0 (Windows NT 6.1; WOW64) AppleWebKit/537.36 (KHTML, like Gecko) Chrome/43.0.2327.5 Safari/537.36"
::1 - - [Thu, 30 Jul 2015 07:54:22 GMT] "GET /p/55b9d5d5aa381be80df833c2 HTTP/1.1" 200 2165 "http://localhost:3000/" "Mozilla/5.0 (Windows NT 6.1; WOW64) AppleWebKit/537.36 (KHTML, like Gecko) Chrome/43.0.2327.5 Safari/537.36"
::1 - - [Thu, 30 Jul 2015 07:54:22 GMT] "GET /stylesheets/style.css HTTP/1.1" 304 - "http://localhost:3000/p/55b9d5d5aa381be80df833c2" "Mozilla/5.0 (Windows NT 6.1; WOW64) AppleWebKit/537.36 (KHTML, like Gecko) Chrome/43.0.2327.5 Safari/537.36"
::1 - - [Thu, 30 Jul 2015 07:54:24 GMT] "GET /tags HTTP/1.1" 200 1576 "http://localhost:3000/" "Mozilla/5.0 (Windows NT 6.1; WOW64) AppleWebKit/537.36 (KHTML, like Gecko) Chrome/43.0.2327.5 Safari/537.36"
::1 - - [Thu, 30 Jul 2015 07:54:24 GMT] "GET /stylesheets/style.css HTTP/1.1" 304 - "http://localhost:3000/tags" "Mozilla/5.0 (Windows NT 6.1; WOW64) AppleWebKit/537.36 (KHTML, like Gecko) Chrome/43.0.2327.5 Safari/537.36"
::1 - - [Thu, 30 Jul 2015 07:54:25 GMT] "GET /tags/1 HTTP/1.1" 200 2057 "http://localhost:3000/tags" "Mozilla/5.0 (Windows NT 6.1; WOW64) AppleWebKit/537.36 (KHTML, like Gecko) Chrome/43.0.2327.5 Safari/537.36"
::1 - - [Thu, 30 Jul 2015 07:54:25 GMT] "GET /stylesheets/style.css HTTP/1.1" 304 - "http://localhost:3000/tags/1" "Mozilla/5.0 (Windows NT 6.1; WOW64) AppleWebKit/537.36 (KHTML, like Gecko) Chrome/43.0.2327.5 Safari/537.36"
::1 - - [Thu, 30 Jul 2015 07:54:27 GMT] "GET /u/111/2015-7-30/[%E8%BD%AC%E8%BD%BD]111 HTTP/1.1" 304 - "http://localhost:3000/tags/1" "Mozilla/5.0 (Windows NT 6.1; WOW64) AppleWebKit/537.36 (KHTML, like Gecko) Chrome/43.0.2327.5 Safari/537.36"
::1 - - [Thu, 30 Jul 2015 07:54:47 GMT] "GET /tags/1 HTTP/1.1" 200 2063 "http://localhost:3000/tags" "Mozilla/5.0 (Windows NT 6.1; WOW64) AppleWebKit/537.36 (KHTML, like Gecko) Chrome/43.0.2327.5 Safari/537.36"
::1 - - [Thu, 30 Jul 2015 07:54:47 GMT] "GET /stylesheets/style.css HTTP/1.1" 304 - "http://localhost:3000/tags/1" "Mozilla/5.0 (Windows NT 6.1; WOW64) AppleWebKit/537.36 (KHTML, like Gecko) Chrome/43.0.2327.5 Safari/537.36"
::1 - - [Thu, 30 Jul 2015 07:54:48 GMT] "GET /p/55b9d5d5aa381be80df833c2 HTTP/1.1" 200 2165 "http://localhost:3000/tags/1" "Mozilla/5.0 (Windows NT 6.1; WOW64) AppleWebKit/537.36 (KHTML, like Gecko) Chrome/43.0.2327.5 Safari/537.36"
::1 - - [Thu, 30 Jul 2015 07:54:48 GMT] "GET /stylesheets/style.css HTTP/1.1" 304 - "http://localhost:3000/p/55b9d5d5aa381be80df833c2" "Mozilla/5.0 (Windows NT 6.1; WOW64) AppleWebKit/537.36 (KHTML, like Gecko) Chrome/43.0.2327.5 Safari/537.36"
::1 - - [Thu, 30 Jul 2015 07:54:50 GMT] "GET /archive HTTP/1.1" 304 - "http://localhost:3000/tags/1" "Mozilla/5.0 (Windows NT 6.1; WOW64) AppleWebKit/537.36 (KHTML, like Gecko) Chrome/43.0.2327.5 Safari/537.36"
::1 - - [Thu, 30 Jul 2015 07:54:50 GMT] "GET /stylesheets/style.css HTTP/1.1" 304 - "http://localhost:3000/archive" "Mozilla/5.0 (Windows NT 6.1; WOW64) AppleWebKit/537.36 (KHTML, like Gecko) Chrome/43.0.2327.5 Safari/537.36"
::1 - - [Thu, 30 Jul 2015 07:54:51 GMT] "GET /p/55b9d5d5aa381be80df833c2 HTTP/1.1" 200 2165 "http://localhost:3000/archive" "Mozilla/5.0 (Windows NT 6.1; WOW64) AppleWebKit/537.36 (KHTML, like Gecko) Chrome/43.0.2327.5 Safari/537.36"
::1 - - [Thu, 30 Jul 2015 07:54:51 GMT] "GET /stylesheets/style.css HTTP/1.1" 304 - "http://localhost:3000/p/55b9d5d5aa381be80df833c2" "Mozilla/5.0 (Windows NT 6.1; WOW64) AppleWebKit/537.36 (KHTML, like Gecko) Chrome/43.0.2327.5 Safari/537.36"
::1 - - [Thu, 30 Jul 2015 07:54:53 GMT] "GET /tags HTTP/1.1" 304 - "http://localhost:3000/archive" "Mozilla/5.0 (Windows NT 6.1; WOW64) AppleWebKit/537.36 (KHTML, like Gecko) Chrome/43.0.2327.5 Safari/537.36"
::1 - - [Thu, 30 Jul 2015 07:54:53 GMT] "GET /stylesheets/style.css HTTP/1.1" 304 - "http://localhost:3000/tags" "Mozilla/5.0 (Windows NT 6.1; WOW64) AppleWebKit/537.36 (KHTML, like Gecko) Chrome/43.0.2327.5 Safari/537.36"
::1 - - [Thu, 30 Jul 2015 07:54:54 GMT] "GET /links HTTP/1.1" 200 1696 "http://localhost:3000/tags" "Mozilla/5.0 (Windows NT 6.1; WOW64) AppleWebKit/537.36 (KHTML, like Gecko) Chrome/43.0.2327.5 Safari/537.36"
::1 - - [Thu, 30 Jul 2015 07:54:54 GMT] "GET /stylesheets/style.css HTTP/1.1" 304 - "http://localhost:3000/links" "Mozilla/5.0 (Windows NT 6.1; WOW64) AppleWebKit/537.36 (KHTML, like Gecko) Chrome/43.0.2327.5 Safari/537.36"
::1 - - [Thu, 30 Jul 2015 07:54:55 GMT] "GET /baidu.com HTTP/1.1" 200 207 "http://localhost:3000/links" "Mozilla/5.0 (Windows NT 6.1; WOW64) AppleWebKit/537.36 (KHTML, like Gecko) Chrome/43.0.2327.5 Safari/537.36"
::1 - - [Thu, 30 Jul 2015 07:54:57 GMT] "GET /google.com HTTP/1.1" 200 207 "http://localhost:3000/links" "Mozilla/5.0 (Windows NT 6.1; WOW64) AppleWebKit/537.36 (KHTML, like Gecko) Chrome/43.0.2327.5 Safari/537.36"
::1 - - [Thu, 30 Jul 2015 07:54:59 GMT] "GET /login HTTP/1.1" 200 1718 "http://localhost:3000/links" "Mozilla/5.0 (Windows NT 6.1; WOW64) AppleWebKit/537.36 (KHTML, like Gecko) Chrome/43.0.2327.5 Safari/537.36"
::1 - - [Thu, 30 Jul 2015 07:54:59 GMT] "GET /stylesheets/style.css HTTP/1.1" 304 - "http://localhost:3000/login" "Mozilla/5.0 (Windows NT 6.1; WOW64) AppleWebKit/537.36 (KHTML, like Gecko) Chrome/43.0.2327.5 Safari/537.36"
::1 - - [Thu, 30 Jul 2015 07:55:03 GMT] "GET /reg HTTP/1.1" 200 1860 "http://localhost:3000/links" "Mozilla/5.0 (Windows NT 6.1; WOW64) AppleWebKit/537.36 (KHTML, like Gecko) Chrome/43.0.2327.5 Safari/537.36"
::1 - - [Thu, 30 Jul 2015 07:55:03 GMT] "GET /stylesheets/style.css HTTP/1.1" 304 - "http://localhost:3000/reg" "Mozilla/5.0 (Windows NT 6.1; WOW64) AppleWebKit/537.36 (KHTML, like Gecko) Chrome/43.0.2327.5 Safari/537.36"
::1 - - [Thu, 30 Jul 2015 07:55:04 GMT] "GET / HTTP/1.1" 200 3242 "http://localhost:3000/reg" "Mozilla/5.0 (Windows NT 6.1; WOW64) AppleWebKit/537.36 (KHTML, like Gecko) Chrome/43.0.2327.5 Safari/537.36"
::1 - - [Thu, 30 Jul 2015 07:55:04 GMT] "GET /stylesheets/style.css HTTP/1.1" 304 - "http://localhost:3000/" "Mozilla/5.0 (Windows NT 6.1; WOW64) AppleWebKit/537.36 (KHTML, like Gecko) Chrome/43.0.2327.5 Safari/537.36"
::1 - - [Thu, 30 Jul 2015 07:55:05 GMT] "GET /archive HTTP/1.1" 304 - "http://localhost:3000/" "Mozilla/5.0 (Windows NT 6.1; WOW64) AppleWebKit/537.36 (KHTML, like Gecko) Chrome/43.0.2327.5 Safari/537.36"
::1 - - [Thu, 30 Jul 2015 07:55:05 GMT] "GET /stylesheets/style.css HTTP/1.1" 304 - "http://localhost:3000/archive" "Mozilla/5.0 (Windows NT 6.1; WOW64) AppleWebKit/537.36 (KHTML, like Gecko) Chrome/43.0.2327.5 Safari/537.36"
::1 - - [Thu, 30 Jul 2015 07:55:06 GMT] "GET /archive HTTP/1.1" 304 - "http://localhost:3000/archive" "Mozilla/5.0 (Windows NT 6.1; WOW64) AppleWebKit/537.36 (KHTML, like Gecko) Chrome/43.0.2327.5 Safari/537.36"
::1 - - [Thu, 30 Jul 2015 07:55:06 GMT] "GET /stylesheets/style.css HTTP/1.1" 304 - "http://localhost:3000/archive" "Mozilla/5.0 (Windows NT 6.1; WOW64) AppleWebKit/537.36 (KHTML, like Gecko) Chrome/43.0.2327.5 Safari/537.36"
::1 - - [Thu, 30 Jul 2015 07:55:06 GMT] "GET / HTTP/1.1" 304 - "http://localhost:3000/archive" "Mozilla/5.0 (Windows NT 6.1; WOW64) AppleWebKit/537.36 (KHTML, like Gecko) Chrome/43.0.2327.5 Safari/537.36"
::1 - - [Thu, 30 Jul 2015 07:55:06 GMT] "GET /stylesheets/style.css HTTP/1.1" 304 - "http://localhost:3000/" "Mozilla/5.0 (Windows NT 6.1; WOW64) AppleWebKit/537.36 (KHTML, like Gecko) Chrome/43.0.2327.5 Safari/537.36"
::1 - - [Thu, 30 Jul 2015 07:55:06 GMT] "GET /tags HTTP/1.1" 304 - "http://localhost:3000/" "Mozilla/5.0 (Windows NT 6.1; WOW64) AppleWebKit/537.36 (KHTML, like Gecko) Chrome/43.0.2327.5 Safari/537.36"
::1 - - [Thu, 30 Jul 2015 07:55:07 GMT] "GET /stylesheets/style.css HTTP/1.1" 304 - "http://localhost:3000/tags" "Mozilla/5.0 (Windows NT 6.1; WOW64) AppleWebKit/537.36 (KHTML, like Gecko) Chrome/43.0.2327.5 Safari/537.36"
::1 - - [Thu, 30 Jul 2015 07:55:07 GMT] "GET /archive HTTP/1.1" 304 - "http://localhost:3000/tags" "Mozilla/5.0 (Windows NT 6.1; WOW64) AppleWebKit/537.36 (KHTML, like Gecko) Chrome/43.0.2327.5 Safari/537.36"
::1 - - [Thu, 30 Jul 2015 07:55:07 GMT] "GET /stylesheets/style.css HTTP/1.1" 304 - "http://localhost:3000/archive" "Mozilla/5.0 (Windows NT 6.1; WOW64) AppleWebKit/537.36 (KHTML, like Gecko) Chrome/43.0.2327.5 Safari/537.36"
::1 - - [Thu, 30 Jul 2015 07:55:07 GMT] "GET / HTTP/1.1" 304 - "http://localhost:3000/archive" "Mozilla/5.0 (Windows NT 6.1; WOW64) AppleWebKit/537.36 (KHTML, like Gecko) Chrome/43.0.2327.5 Safari/537.36"
::1 - - [Thu, 30 Jul 2015 07:55:07 GMT] "GET /stylesheets/style.css HTTP/1.1" 304 - "http://localhost:3000/" "Mozilla/5.0 (Windows NT 6.1; WOW64) AppleWebKit/537.36 (KHTML, like Gecko) Chrome/43.0.2327.5 Safari/537.36"
::1 - - [Thu, 30 Jul 2015 07:55:08 GMT] "GET /archive HTTP/1.1" 304 - "http://localhost:3000/" "Mozilla/5.0 (Windows NT 6.1; WOW64) AppleWebKit/537.36 (KHTML, like Gecko) Chrome/43.0.2327.5 Safari/537.36"
::1 - - [Thu, 30 Jul 2015 07:55:08 GMT] "GET /stylesheets/style.css HTTP/1.1" 304 - "http://localhost:3000/archive" "Mozilla/5.0 (Windows NT 6.1; WOW64) AppleWebKit/537.36 (KHTML, like Gecko) Chrome/43.0.2327.5 Safari/537.36"
::1 - - [Thu, 30 Jul 2015 07:55:08 GMT] "GET /archive HTTP/1.1" 304 - "http://localhost:3000/archive" "Mozilla/5.0 (Windows NT 6.1; WOW64) AppleWebKit/537.36 (KHTML, like Gecko) Chrome/43.0.2327.5 Safari/537.36"
::1 - - [Thu, 30 Jul 2015 07:55:09 GMT] "GET /stylesheets/style.css HTTP/1.1" 304 - "http://localhost:3000/archive" "Mozilla/5.0 (Windows NT 6.1; WOW64) AppleWebKit/537.36 (KHTML, like Gecko) Chrome/43.0.2327.5 Safari/537.36"
::1 - - [Thu, 30 Jul 2015 07:55:09 GMT] "GET / HTTP/1.1" 304 - "http://localhost:3000/archive" "Mozilla/5.0 (Windows NT 6.1; WOW64) AppleWebKit/537.36 (KHTML, like Gecko) Chrome/43.0.2327.5 Safari/537.36"
::1 - - [Thu, 30 Jul 2015 07:55:09 GMT] "GET /stylesheets/style.css HTTP/1.1" 304 - "http://localhost:3000/" "Mozilla/5.0 (Windows NT 6.1; WOW64) AppleWebKit/537.36 (KHTML, like Gecko) Chrome/43.0.2327.5 Safari/537.36"
::1 - - [Thu, 30 Jul 2015 07:55:09 GMT] "GET /archive HTTP/1.1" 304 - "http://localhost:3000/" "Mozilla/5.0 (Windows NT 6.1; WOW64) AppleWebKit/537.36 (KHTML, like Gecko) Chrome/43.0.2327.5 Safari/537.36"
::1 - - [Thu, 30 Jul 2015 07:55:09 GMT] "GET /stylesheets/style.css HTTP/1.1" 304 - "http://localhost:3000/archive" "Mozilla/5.0 (Windows NT 6.1; WOW64) AppleWebKit/537.36 (KHTML, like Gecko) Chrome/43.0.2327.5 Safari/537.36"
::1 - - [Thu, 30 Jul 2015 07:55:09 GMT] "GET /tags HTTP/1.1" 304 - "http://localhost:3000/archive" "Mozilla/5.0 (Windows NT 6.1; WOW64) AppleWebKit/537.36 (KHTML, like Gecko) Chrome/43.0.2327.5 Safari/537.36"
::1 - - [Thu, 30 Jul 2015 07:55:09 GMT] "GET /stylesheets/style.css HTTP/1.1" 304 - "http://localhost:3000/tags" "Mozilla/5.0 (Windows NT 6.1; WOW64) AppleWebKit/537.36 (KHTML, like Gecko) Chrome/43.0.2327.5 Safari/537.36"
::1 - - [Thu, 30 Jul 2015 07:55:10 GMT] "GET /archive HTTP/1.1" 304 - "http://localhost:3000/tags" "Mozilla/5.0 (Windows NT 6.1; WOW64) AppleWebKit/537.36 (KHTML, like Gecko) Chrome/43.0.2327.5 Safari/537.36"
::1 - - [Thu, 30 Jul 2015 07:55:10 GMT] "GET /stylesheets/style.css HTTP/1.1" 304 - "http://localhost:3000/archive" "Mozilla/5.0 (Windows NT 6.1; WOW64) AppleWebKit/537.36 (KHTML, like Gecko) Chrome/43.0.2327.5 Safari/537.36"
::1 - - [Thu, 30 Jul 2015 07:55:10 GMT] "GET / HTTP/1.1" 304 - "http://localhost:3000/archive" "Mozilla/5.0 (Windows NT 6.1; WOW64) AppleWebKit/537.36 (KHTML, like Gecko) Chrome/43.0.2327.5 Safari/537.36"
::1 - - [Thu, 30 Jul 2015 07:55:10 GMT] "GET /stylesheets/style.css HTTP/1.1" 304 - "http://localhost:3000/" "Mozilla/5.0 (Windows NT 6.1; WOW64) AppleWebKit/537.36 (KHTML, like Gecko) Chrome/43.0.2327.5 Safari/537.36"
::1 - - [Thu, 30 Jul 2015 07:55:10 GMT] "GET /tags HTTP/1.1" 304 - "http://localhost:3000/" "Mozilla/5.0 (Windows NT 6.1; WOW64) AppleWebKit/537.36 (KHTML, like Gecko) Chrome/43.0.2327.5 Safari/537.36"
::1 - - [Thu, 30 Jul 2015 07:55:10 GMT] "GET /stylesheets/style.css HTTP/1.1" 304 - "http://localhost:3000/tags" "Mozilla/5.0 (Windows NT 6.1; WOW64) AppleWebKit/537.36 (KHTML, like Gecko) Chrome/43.0.2327.5 Safari/537.36"
::1 - - [Thu, 30 Jul 2015 07:55:11 GMT] "GET /archive HTTP/1.1" 304 - "http://localhost:3000/tags" "Mozilla/5.0 (Windows NT 6.1; WOW64) AppleWebKit/537.36 (KHTML, like Gecko) Chrome/43.0.2327.5 Safari/537.36"
::1 - - [Thu, 30 Jul 2015 07:55:11 GMT] "GET /stylesheets/style.css HTTP/1.1" 304 - "http://localhost:3000/archive" "Mozilla/5.0 (Windows NT 6.1; WOW64) AppleWebKit/537.36 (KHTML, like Gecko) Chrome/43.0.2327.5 Safari/537.36"
::1 - - [Thu, 30 Jul 2015 07:55:11 GMT] "GET /archive HTTP/1.1" 304 - "http://localhost:3000/archive" "Mozilla/5.0 (Windows NT 6.1; WOW64) AppleWebKit/537.36 (KHTML, like Gecko) Chrome/43.0.2327.5 Safari/537.36"
::1 - - [Thu, 30 Jul 2015 07:55:11 GMT] "GET /stylesheets/style.css HTTP/1.1" 304 - "http://localhost:3000/archive" "Mozilla/5.0 (Windows NT 6.1; WOW64) AppleWebKit/537.36 (KHTML, like Gecko) Chrome/43.0.2327.5 Safari/537.36"
::1 - - [Thu, 30 Jul 2015 07:55:11 GMT] "GET /tags HTTP/1.1" 304 - "http://localhost:3000/archive" "Mozilla/5.0 (Windows NT 6.1; WOW64) AppleWebKit/537.36 (KHTML, like Gecko) Chrome/43.0.2327.5 Safari/537.36"
::1 - - [Thu, 30 Jul 2015 07:55:11 GMT] "GET /stylesheets/style.css HTTP/1.1" 304 - "http://localhost:3000/tags" "Mozilla/5.0 (Windows NT 6.1; WOW64) AppleWebKit/537.36 (KHTML, like Gecko) Chrome/43.0.2327.5 Safari/537.36"
::1 - - [Thu, 30 Jul 2015 07:55:12 GMT] "GET /links HTTP/1.1" 304 - "http://localhost:3000/tags" "Mozilla/5.0 (Windows NT 6.1; WOW64) AppleWebKit/537.36 (KHTML, like Gecko) Chrome/43.0.2327.5 Safari/537.36"
::1 - - [Thu, 30 Jul 2015 07:55:12 GMT] "GET /stylesheets/style.css HTTP/1.1" 304 - "http://localhost:3000/links" "Mozilla/5.0 (Windows NT 6.1; WOW64) AppleWebKit/537.36 (KHTML, like Gecko) Chrome/43.0.2327.5 Safari/537.36"
::1 - - [Thu, 30 Jul 2015 07:55:12 GMT] "GET /tags HTTP/1.1" 304 - "http://localhost:3000/links" "Mozilla/5.0 (Windows NT 6.1; WOW64) AppleWebKit/537.36 (KHTML, like Gecko) Chrome/43.0.2327.5 Safari/537.36"
::1 - - [Thu, 30 Jul 2015 07:55:12 GMT] "GET /stylesheets/style.css HTTP/1.1" 304 - "http://localhost:3000/tags" "Mozilla/5.0 (Windows NT 6.1; WOW64) AppleWebKit/537.36 (KHTML, like Gecko) Chrome/43.0.2327.5 Safari/537.36"
::1 - - [Thu, 30 Jul 2015 07:55:12 GMT] "GET /archive HTTP/1.1" 304 - "http://localhost:3000/tags" "Mozilla/5.0 (Windows NT 6.1; WOW64) AppleWebKit/537.36 (KHTML, like Gecko) Chrome/43.0.2327.5 Safari/537.36"
::1 - - [Thu, 30 Jul 2015 07:55:12 GMT] "GET /stylesheets/style.css HTTP/1.1" 304 - "http://localhost:3000/archive" "Mozilla/5.0 (Windows NT 6.1; WOW64) AppleWebKit/537.36 (KHTML, like Gecko) Chrome/43.0.2327.5 Safari/537.36"
::1 - - [Thu, 30 Jul 2015 07:55:13 GMT] "GET / HTTP/1.1" 304 - "http://localhost:3000/archive" "Mozilla/5.0 (Windows NT 6.1; WOW64) AppleWebKit/537.36 (KHTML, like Gecko) Chrome/43.0.2327.5 Safari/537.36"
::1 - - [Thu, 30 Jul 2015 07:55:13 GMT] "GET /stylesheets/style.css HTTP/1.1" 304 - "http://localhost:3000/" "Mozilla/5.0 (Windows NT 6.1; WOW64) AppleWebKit/537.36 (KHTML, like Gecko) Chrome/43.0.2327.5 Safari/537.36"
::1 - - [Thu, 30 Jul 2015 07:55:13 GMT] "GET /archive HTTP/1.1" 304 - "http://localhost:3000/" "Mozilla/5.0 (Windows NT 6.1; WOW64) AppleWebKit/537.36 (KHTML, like Gecko) Chrome/43.0.2327.5 Safari/537.36"
::1 - - [Thu, 30 Jul 2015 07:55:13 GMT] "GET /stylesheets/style.css HTTP/1.1" 304 - "http://localhost:3000/archive" "Mozilla/5.0 (Windows NT 6.1; WOW64) AppleWebKit/537.36 (KHTML, like Gecko) Chrome/43.0.2327.5 Safari/537.36"
::1 - - [Thu, 30 Jul 2015 07:55:14 GMT] "GET /tags HTTP/1.1" 304 - "http://localhost:3000/archive" "Mozilla/5.0 (Windows NT 6.1; WOW64) AppleWebKit/537.36 (KHTML, like Gecko) Chrome/43.0.2327.5 Safari/537.36"
::1 - - [Thu, 30 Jul 2015 07:55:14 GMT] "GET /stylesheets/style.css HTTP/1.1" 304 - "http://localhost:3000/tags" "Mozilla/5.0 (Windows NT 6.1; WOW64) AppleWebKit/537.36 (KHTML, like Gecko) Chrome/43.0.2327.5 Safari/537.36"
::1 - - [Thu, 30 Jul 2015 07:55:14 GMT] "GET /archive HTTP/1.1" 304 - "http://localhost:3000/tags" "Mozilla/5.0 (Windows NT 6.1; WOW64) AppleWebKit/537.36 (KHTML, like Gecko) Chrome/43.0.2327.5 Safari/537.36"
::1 - - [Thu, 30 Jul 2015 07:55:14 GMT] "GET /stylesheets/style.css HTTP/1.1" 304 - "http://localhost:3000/archive" "Mozilla/5.0 (Windows NT 6.1; WOW64) AppleWebKit/537.36 (KHTML, like Gecko) Chrome/43.0.2327.5 Safari/537.36"
::1 - - [Thu, 30 Jul 2015 07:55:14 GMT] "GET / HTTP/1.1" 304 - "http://localhost:3000/archive" "Mozilla/5.0 (Windows NT 6.1; WOW64) AppleWebKit/537.36 (KHTML, like Gecko) Chrome/43.0.2327.5 Safari/537.36"
::1 - - [Thu, 30 Jul 2015 07:55:14 GMT] "GET /stylesheets/style.css HTTP/1.1" 304 - "http://localhost:3000/" "Mozilla/5.0 (Windows NT 6.1; WOW64) AppleWebKit/537.36 (KHTML, like Gecko) Chrome/43.0.2327.5 Safari/537.36"
::1 - - [Thu, 30 Jul 2015 07:55:14 GMT] "GET /archive HTTP/1.1" 304 - "http://localhost:3000/" "Mozilla/5.0 (Windows NT 6.1; WOW64) AppleWebKit/537.36 (KHTML, like Gecko) Chrome/43.0.2327.5 Safari/537.36"
::1 - - [Thu, 30 Jul 2015 07:55:14 GMT] "GET /stylesheets/style.css HTTP/1.1" 304 - "http://localhost:3000/archive" "Mozilla/5.0 (Windows NT 6.1; WOW64) AppleWebKit/537.36 (KHTML, like Gecko) Chrome/43.0.2327.5 Safari/537.36"
::1 - - [Thu, 30 Jul 2015 09:40:53 GMT] "GET / HTTP/1.1" 200 1567 "-" "Mozilla/5.0 (Windows NT 6.1; WOW64) AppleWebKit/537.36 (KHTML, like Gecko) Chrome/43.0.2327.5 Safari/537.36"
::1 - - [Thu, 30 Jul 2015 09:40:53 GMT] "GET /archive HTTP/1.1" 200 1580 "http://localhost:3000/" "Mozilla/5.0 (Windows NT 6.1; WOW64) AppleWebKit/537.36 (KHTML, like Gecko) Chrome/43.0.2327.5 Safari/537.36"
::1 - - [Thu, 30 Jul 2015 09:40:59 GMT] "GET /stylesheets/style.css HTTP/1.1" 304 - "http://localhost:3000/archive" "Mozilla/5.0 (Windows NT 6.1; WOW64) AppleWebKit/537.36 (KHTML, like Gecko) Chrome/43.0.2327.5 Safari/537.36"
::1 - - [Thu, 30 Jul 2015 09:41:02 GMT] "GET /login HTTP/1.1" 304 - "http://localhost:3000/archive" "Mozilla/5.0 (Windows NT 6.1; WOW64) AppleWebKit/537.36 (KHTML, like Gecko) Chrome/43.0.2327.5 Safari/537.36"
::1 - - [Thu, 30 Jul 2015 09:41:02 GMT] "GET /stylesheets/style.css HTTP/1.1" 304 - "http://localhost:3000/login" "Mozilla/5.0 (Windows NT 6.1; WOW64) AppleWebKit/537.36 (KHTML, like Gecko) Chrome/43.0.2327.5 Safari/537.36"
::1 - - [Thu, 30 Jul 2015 09:41:03 GMT] "GET /reg HTTP/1.1" 304 - "http://localhost:3000/login" "Mozilla/5.0 (Windows NT 6.1; WOW64) AppleWebKit/537.36 (KHTML, like Gecko) Chrome/43.0.2327.5 Safari/537.36"
::1 - - [Thu, 30 Jul 2015 09:41:03 GMT] "GET /stylesheets/style.css HTTP/1.1" 304 - "http://localhost:3000/reg" "Mozilla/5.0 (Windows NT 6.1; WOW64) AppleWebKit/537.36 (KHTML, like Gecko) Chrome/43.0.2327.5 Safari/537.36"
::1 - - [Thu, 30 Jul 2015 09:41:10 GMT] "POST /reg HTTP/1.1" 302 58 "http://localhost:3000/reg" "Mozilla/5.0 (Windows NT 6.1; WOW64) AppleWebKit/537.36 (KHTML, like Gecko) Chrome/43.0.2327.5 Safari/537.36"
::1 - - [Thu, 30 Jul 2015 09:41:10 GMT] "GET / HTTP/1.1" 200 1651 "http://localhost:3000/reg" "Mozilla/5.0 (Windows NT 6.1; WOW64) AppleWebKit/537.36 (KHTML, like Gecko) Chrome/43.0.2327.5 Safari/537.36"
::1 - - [Thu, 30 Jul 2015 09:41:10 GMT] "GET /stylesheets/style.css HTTP/1.1" 304 - "http://localhost:3000/" "Mozilla/5.0 (Windows NT 6.1; WOW64) AppleWebKit/537.36 (KHTML, like Gecko) Chrome/43.0.2327.5 Safari/537.36"
::1 - - [Thu, 30 Jul 2015 09:41:12 GMT] "GET /login HTTP/1.1" 304 - "http://localhost:3000/" "Mozilla/5.0 (Windows NT 6.1; WOW64) AppleWebKit/537.36 (KHTML, like Gecko) Chrome/43.0.2327.5 Safari/537.36"
::1 - - [Thu, 30 Jul 2015 09:41:12 GMT] "GET /stylesheets/style.css HTTP/1.1" 304 - "http://localhost:3000/login" "Mozilla/5.0 (Windows NT 6.1; WOW64) AppleWebKit/537.36 (KHTML, like Gecko) Chrome/43.0.2327.5 Safari/537.36"
::1 - - [Thu, 30 Jul 2015 09:41:14 GMT] "POST /login HTTP/1.1" 302 58 "http://localhost:3000/login" "Mozilla/5.0 (Windows NT 6.1; WOW64) AppleWebKit/537.36 (KHTML, like Gecko) Chrome/43.0.2327.5 Safari/537.36"
::1 - - [Thu, 30 Jul 2015 09:41:14 GMT] "GET / HTTP/1.1" 200 1708 "http://localhost:3000/login" "Mozilla/5.0 (Windows NT 6.1; WOW64) AppleWebKit/537.36 (KHTML, like Gecko) Chrome/43.0.2327.5 Safari/537.36"
::1 - - [Thu, 30 Jul 2015 09:41:14 GMT] "GET /stylesheets/style.css HTTP/1.1" 304 - "http://localhost:3000/" "Mozilla/5.0 (Windows NT 6.1; WOW64) AppleWebKit/537.36 (KHTML, like Gecko) Chrome/43.0.2327.5 Safari/537.36"
::1 - - [Thu, 30 Jul 2015 09:41:16 GMT] "GET /post HTTP/1.1" 304 - "http://localhost:3000/" "Mozilla/5.0 (Windows NT 6.1; WOW64) AppleWebKit/537.36 (KHTML, like Gecko) Chrome/43.0.2327.5 Safari/537.36"
::1 - - [Thu, 30 Jul 2015 09:41:16 GMT] "GET /stylesheets/style.css HTTP/1.1" 304 - "http://localhost:3000/post" "Mozilla/5.0 (Windows NT 6.1; WOW64) AppleWebKit/537.36 (KHTML, like Gecko) Chrome/43.0.2327.5 Safari/537.36"
::1 - - [Thu, 30 Jul 2015 09:41:21 GMT] "POST /post HTTP/1.1" 302 58 "http://localhost:3000/post" "Mozilla/5.0 (Windows NT 6.1; WOW64) AppleWebKit/537.36 (KHTML, like Gecko) Chrome/43.0.2327.5 Safari/537.36"
::1 - - [Thu, 30 Jul 2015 09:41:21 GMT] "GET / HTTP/1.1" 500 1579 "http://localhost:3000/post" "Mozilla/5.0 (Windows NT 6.1; WOW64) AppleWebKit/537.36 (KHTML, like Gecko) Chrome/43.0.2327.5 Safari/537.36"
::1 - - [Thu, 30 Jul 2015 09:41:43 GMT] "GET / HTTP/1.1" 200 2332 "http://localhost:3000/post" "Mozilla/5.0 (Windows NT 6.1; WOW64) AppleWebKit/537.36 (KHTML, like Gecko) Chrome/43.0.2327.5 Safari/537.36"
::1 - - [Thu, 30 Jul 2015 09:41:43 GMT] "GET /stylesheets/style.css HTTP/1.1" 304 - "http://localhost:3000/" "Mozilla/5.0 (Windows NT 6.1; WOW64) AppleWebKit/537.36 (KHTML, like Gecko) Chrome/43.0.2327.5 Safari/537.36"
::1 - - [Thu, 30 Jul 2015 09:41:45 GMT] "GET / HTTP/1.1" 304 - "http://localhost:3000/post" "Mozilla/5.0 (Windows NT 6.1; WOW64) AppleWebKit/537.36 (KHTML, like Gecko) Chrome/43.0.2327.5 Safari/537.36"
::1 - - [Thu, 30 Jul 2015 09:41:45 GMT] "GET /stylesheets/style.css HTTP/1.1" 304 - "http://localhost:3000/" "Mozilla/5.0 (Windows NT 6.1; WOW64) AppleWebKit/537.36 (KHTML, like Gecko) Chrome/43.0.2327.5 Safari/537.36"
::1 - - [Thu, 30 Jul 2015 09:41:47 GMT] "GET / HTTP/1.1" 304 - "http://localhost:3000/post" "Mozilla/5.0 (Windows NT 6.1; WOW64) AppleWebKit/537.36 (KHTML, like Gecko) Chrome/43.0.2327.5 Safari/537.36"
::1 - - [Thu, 30 Jul 2015 09:41:47 GMT] "GET /stylesheets/style.css HTTP/1.1" 304 - "http://localhost:3000/" "Mozilla/5.0 (Windows NT 6.1; WOW64) AppleWebKit/537.36 (KHTML, like Gecko) Chrome/43.0.2327.5 Safari/537.36"
::1 - - [Thu, 30 Jul 2015 09:41:47 GMT] "GET / HTTP/1.1" 304 - "http://localhost:3000/post" "Mozilla/5.0 (Windows NT 6.1; WOW64) AppleWebKit/537.36 (KHTML, like Gecko) Chrome/43.0.2327.5 Safari/537.36"
::1 - - [Thu, 30 Jul 2015 09:41:47 GMT] "GET /stylesheets/style.css HTTP/1.1" 304 - "http://localhost:3000/" "Mozilla/5.0 (Windows NT 6.1; WOW64) AppleWebKit/537.36 (KHTML, like Gecko) Chrome/43.0.2327.5 Safari/537.36"
::1 - - [Thu, 30 Jul 2015 09:41:47 GMT] "GET / HTTP/1.1" 304 - "http://localhost:3000/post" "Mozilla/5.0 (Windows NT 6.1; WOW64) AppleWebKit/537.36 (KHTML, like Gecko) Chrome/43.0.2327.5 Safari/537.36"
::1 - - [Thu, 30 Jul 2015 09:41:47 GMT] "GET /stylesheets/style.css HTTP/1.1" 304 - "http://localhost:3000/" "Mozilla/5.0 (Windows NT 6.1; WOW64) AppleWebKit/537.36 (KHTML, like Gecko) Chrome/43.0.2327.5 Safari/537.36"
::1 - - [Thu, 30 Jul 2015 09:41:48 GMT] "GET / HTTP/1.1" 304 - "http://localhost:3000/post" "Mozilla/5.0 (Windows NT 6.1; WOW64) AppleWebKit/537.36 (KHTML, like Gecko) Chrome/43.0.2327.5 Safari/537.36"
::1 - - [Thu, 30 Jul 2015 09:41:48 GMT] "GET /stylesheets/style.css HTTP/1.1" 304 - "http://localhost:3000/" "Mozilla/5.0 (Windows NT 6.1; WOW64) AppleWebKit/537.36 (KHTML, like Gecko) Chrome/43.0.2327.5 Safari/537.36"
::1 - - [Thu, 30 Jul 2015 09:41:48 GMT] "GET / HTTP/1.1" 304 - "http://localhost:3000/post" "Mozilla/5.0 (Windows NT 6.1; WOW64) AppleWebKit/537.36 (KHTML, like Gecko) Chrome/43.0.2327.5 Safari/537.36"
::1 - - [Thu, 30 Jul 2015 09:41:48 GMT] "GET /stylesheets/style.css HTTP/1.1" 304 - "http://localhost:3000/" "Mozilla/5.0 (Windows NT 6.1; WOW64) AppleWebKit/537.36 (KHTML, like Gecko) Chrome/43.0.2327.5 Safari/537.36"
::1 - - [Thu, 30 Jul 2015 09:41:49 GMT] "GET / HTTP/1.1" 304 - "http://localhost:3000/post" "Mozilla/5.0 (Windows NT 6.1; WOW64) AppleWebKit/537.36 (KHTML, like Gecko) Chrome/43.0.2327.5 Safari/537.36"
::1 - - [Thu, 30 Jul 2015 09:41:49 GMT] "GET /stylesheets/style.css HTTP/1.1" 304 - "http://localhost:3000/" "Mozilla/5.0 (Windows NT 6.1; WOW64) AppleWebKit/537.36 (KHTML, like Gecko) Chrome/43.0.2327.5 Safari/537.36"
::1 - - [Thu, 30 Jul 2015 09:41:50 GMT] "GET / HTTP/1.1" 304 - "http://localhost:3000/post" "Mozilla/5.0 (Windows NT 6.1; WOW64) AppleWebKit/537.36 (KHTML, like Gecko) Chrome/43.0.2327.5 Safari/537.36"
::1 - - [Thu, 30 Jul 2015 09:41:50 GMT] "GET /stylesheets/style.css HTTP/1.1" 304 - "http://localhost:3000/" "Mozilla/5.0 (Windows NT 6.1; WOW64) AppleWebKit/537.36 (KHTML, like Gecko) Chrome/43.0.2327.5 Safari/537.36"
::1 - - [Thu, 30 Jul 2015 09:41:50 GMT] "GET / HTTP/1.1" 304 - "http://localhost:3000/post" "Mozilla/5.0 (Windows NT 6.1; WOW64) AppleWebKit/537.36 (KHTML, like Gecko) Chrome/43.0.2327.5 Safari/537.36"
::1 - - [Thu, 30 Jul 2015 09:41:50 GMT] "GET /stylesheets/style.css HTTP/1.1" 304 - "http://localhost:3000/" "Mozilla/5.0 (Windows NT 6.1; WOW64) AppleWebKit/537.36 (KHTML, like Gecko) Chrome/43.0.2327.5 Safari/537.36"
::1 - - [Thu, 30 Jul 2015 09:41:50 GMT] "GET / HTTP/1.1" 304 - "http://localhost:3000/post" "Mozilla/5.0 (Windows NT 6.1; WOW64) AppleWebKit/537.36 (KHTML, like Gecko) Chrome/43.0.2327.5 Safari/537.36"
::1 - - [Thu, 30 Jul 2015 09:41:50 GMT] "GET /stylesheets/style.css HTTP/1.1" 304 - "http://localhost:3000/" "Mozilla/5.0 (Windows NT 6.1; WOW64) AppleWebKit/537.36 (KHTML, like Gecko) Chrome/43.0.2327.5 Safari/537.36"
::1 - - [Thu, 30 Jul 2015 09:41:50 GMT] "GET / HTTP/1.1" 304 - "http://localhost:3000/post" "Mozilla/5.0 (Windows NT 6.1; WOW64) AppleWebKit/537.36 (KHTML, like Gecko) Chrome/43.0.2327.5 Safari/537.36"
::1 - - [Thu, 30 Jul 2015 09:41:50 GMT] "GET /stylesheets/style.css HTTP/1.1" 304 - "http://localhost:3000/" "Mozilla/5.0 (Windows NT 6.1; WOW64) AppleWebKit/537.36 (KHTML, like Gecko) Chrome/43.0.2327.5 Safari/537.36"
::1 - - [Thu, 30 Jul 2015 09:41:50 GMT] "GET / HTTP/1.1" 304 - "http://localhost:3000/post" "Mozilla/5.0 (Windows NT 6.1; WOW64) AppleWebKit/537.36 (KHTML, like Gecko) Chrome/43.0.2327.5 Safari/537.36"
::1 - - [Thu, 30 Jul 2015 09:41:50 GMT] "GET /stylesheets/style.css HTTP/1.1" 304 - "http://localhost:3000/" "Mozilla/5.0 (Windows NT 6.1; WOW64) AppleWebKit/537.36 (KHTML, like Gecko) Chrome/43.0.2327.5 Safari/537.36"
::1 - - [Thu, 30 Jul 2015 09:41:51 GMT] "GET / HTTP/1.1" 304 - "http://localhost:3000/post" "Mozilla/5.0 (Windows NT 6.1; WOW64) AppleWebKit/537.36 (KHTML, like Gecko) Chrome/43.0.2327.5 Safari/537.36"
::1 - - [Thu, 30 Jul 2015 09:41:51 GMT] "GET /stylesheets/style.css HTTP/1.1" 304 - "http://localhost:3000/" "Mozilla/5.0 (Windows NT 6.1; WOW64) AppleWebKit/537.36 (KHTML, like Gecko) Chrome/43.0.2327.5 Safari/537.36"
::1 - - [Thu, 30 Jul 2015 09:41:51 GMT] "GET / HTTP/1.1" 304 - "http://localhost:3000/post" "Mozilla/5.0 (Windows NT 6.1; WOW64) AppleWebKit/537.36 (KHTML, like Gecko) Chrome/43.0.2327.5 Safari/537.36"
::1 - - [Thu, 30 Jul 2015 09:41:51 GMT] "GET /stylesheets/style.css HTTP/1.1" 304 - "http://localhost:3000/" "Mozilla/5.0 (Windows NT 6.1; WOW64) AppleWebKit/537.36 (KHTML, like Gecko) Chrome/43.0.2327.5 Safari/537.36"
::1 - - [Thu, 30 Jul 2015 09:41:51 GMT] "GET / HTTP/1.1" 304 - "http://localhost:3000/post" "Mozilla/5.0 (Windows NT 6.1; WOW64) AppleWebKit/537.36 (KHTML, like Gecko) Chrome/43.0.2327.5 Safari/537.36"
::1 - - [Thu, 30 Jul 2015 09:41:51 GMT] "GET /stylesheets/style.css HTTP/1.1" 304 - "http://localhost:3000/" "Mozilla/5.0 (Windows NT 6.1; WOW64) AppleWebKit/537.36 (KHTML, like Gecko) Chrome/43.0.2327.5 Safari/537.36"
::1 - - [Thu, 30 Jul 2015 09:41:51 GMT] "GET / HTTP/1.1" 304 - "http://localhost:3000/post" "Mozilla/5.0 (Windows NT 6.1; WOW64) AppleWebKit/537.36 (KHTML, like Gecko) Chrome/43.0.2327.5 Safari/537.36"
::1 - - [Thu, 30 Jul 2015 09:41:51 GMT] "GET /stylesheets/style.css HTTP/1.1" 304 - "http://localhost:3000/" "Mozilla/5.0 (Windows NT 6.1; WOW64) AppleWebKit/537.36 (KHTML, like Gecko) Chrome/43.0.2327.5 Safari/537.36"
::1 - - [Thu, 30 Jul 2015 09:41:52 GMT] "GET / HTTP/1.1" 304 - "http://localhost:3000/post" "Mozilla/5.0 (Windows NT 6.1; WOW64) AppleWebKit/537.36 (KHTML, like Gecko) Chrome/43.0.2327.5 Safari/537.36"
::1 - - [Thu, 30 Jul 2015 09:41:52 GMT] "GET /stylesheets/style.css HTTP/1.1" 304 - "http://localhost:3000/" "Mozilla/5.0 (Windows NT 6.1; WOW64) AppleWebKit/537.36 (KHTML, like Gecko) Chrome/43.0.2327.5 Safari/537.36"
::1 - - [Thu, 30 Jul 2015 09:41:52 GMT] "GET / HTTP/1.1" 304 - "http://localhost:3000/post" "Mozilla/5.0 (Windows NT 6.1; WOW64) AppleWebKit/537.36 (KHTML, like Gecko) Chrome/43.0.2327.5 Safari/537.36"
::1 - - [Thu, 30 Jul 2015 09:41:52 GMT] "GET / HTTP/1.1" 200 2332 "http://localhost:3000/post" "Mozilla/5.0 (Windows NT 6.1; WOW64) AppleWebKit/537.36 (KHTML, like Gecko) Chrome/43.0.2327.5 Safari/537.36"
::1 - - [Thu, 30 Jul 2015 09:41:53 GMT] "GET /stylesheets/style.css HTTP/1.1" 304 - "http://localhost:3000/" "Mozilla/5.0 (Windows NT 6.1; WOW64) AppleWebKit/537.36 (KHTML, like Gecko) Chrome/43.0.2327.5 Safari/537.36"
::1 - - [Thu, 30 Jul 2015 09:41:53 GMT] "GET / HTTP/1.1" 304 - "http://localhost:3000/post" "Mozilla/5.0 (Windows NT 6.1; WOW64) AppleWebKit/537.36 (KHTML, like Gecko) Chrome/43.0.2327.5 Safari/537.36"
::1 - - [Thu, 30 Jul 2015 09:41:53 GMT] "GET /stylesheets/style.css HTTP/1.1" 304 - "http://localhost:3000/" "Mozilla/5.0 (Windows NT 6.1; WOW64) AppleWebKit/537.36 (KHTML, like Gecko) Chrome/43.0.2327.5 Safari/537.36"
::1 - - [Thu, 30 Jul 2015 09:41:53 GMT] "GET / HTTP/1.1" 304 - "http://localhost:3000/post" "Mozilla/5.0 (Windows NT 6.1; WOW64) AppleWebKit/537.36 (KHTML, like Gecko) Chrome/43.0.2327.5 Safari/537.36"
::1 - - [Thu, 30 Jul 2015 09:41:53 GMT] "GET /stylesheets/style.css HTTP/1.1" 304 - "http://localhost:3000/" "Mozilla/5.0 (Windows NT 6.1; WOW64) AppleWebKit/537.36 (KHTML, like Gecko) Chrome/43.0.2327.5 Safari/537.36"
::1 - - [Thu, 30 Jul 2015 09:41:53 GMT] "GET / HTTP/1.1" 304 - "http://localhost:3000/post" "Mozilla/5.0 (Windows NT 6.1; WOW64) AppleWebKit/537.36 (KHTML, like Gecko) Chrome/43.0.2327.5 Safari/537.36"
::1 - - [Thu, 30 Jul 2015 09:41:53 GMT] "GET /stylesheets/style.css HTTP/1.1" 304 - "http://localhost:3000/" "Mozilla/5.0 (Windows NT 6.1; WOW64) AppleWebKit/537.36 (KHTML, like Gecko) Chrome/43.0.2327.5 Safari/537.36"
::1 - - [Thu, 30 Jul 2015 09:41:53 GMT] "GET / HTTP/1.1" 304 - "http://localhost:3000/post" "Mozilla/5.0 (Windows NT 6.1; WOW64) AppleWebKit/537.36 (KHTML, like Gecko) Chrome/43.0.2327.5 Safari/537.36"
::1 - - [Thu, 30 Jul 2015 09:41:53 GMT] "GET /stylesheets/style.css HTTP/1.1" 304 - "http://localhost:3000/" "Mozilla/5.0 (Windows NT 6.1; WOW64) AppleWebKit/537.36 (KHTML, like Gecko) Chrome/43.0.2327.5 Safari/537.36"
::1 - - [Thu, 30 Jul 2015 09:41:54 GMT] "GET /login HTTP/1.1" 200 1718 "http://localhost:3000/" "Mozilla/5.0 (Windows NT 6.1; WOW64) AppleWebKit/537.36 (KHTML, like Gecko) Chrome/43.0.2327.5 Safari/537.36"
::1 - - [Thu, 30 Jul 2015 09:41:54 GMT] "GET /stylesheets/style.css HTTP/1.1" 304 - "http://localhost:3000/login" "Mozilla/5.0 (Windows NT 6.1; WOW64) AppleWebKit/537.36 (KHTML, like Gecko) Chrome/43.0.2327.5 Safari/537.36"
::1 - - [Thu, 30 Jul 2015 09:41:56 GMT] "POST /login HTTP/1.1" 302 58 "http://localhost:3000/login" "Mozilla/5.0 (Windows NT 6.1; WOW64) AppleWebKit/537.36 (KHTML, like Gecko) Chrome/43.0.2327.5 Safari/537.36"
::1 - - [Thu, 30 Jul 2015 09:41:56 GMT] "GET / HTTP/1.1" 200 2473 "http://localhost:3000/login" "Mozilla/5.0 (Windows NT 6.1; WOW64) AppleWebKit/537.36 (KHTML, like Gecko) Chrome/43.0.2327.5 Safari/537.36"
::1 - - [Thu, 30 Jul 2015 09:41:56 GMT] "GET /stylesheets/style.css HTTP/1.1" 304 - "http://localhost:3000/" "Mozilla/5.0 (Windows NT 6.1; WOW64) AppleWebKit/537.36 (KHTML, like Gecko) Chrome/43.0.2327.5 Safari/537.36"
::1 - - [Thu, 30 Jul 2015 09:41:56 GMT] "GET / HTTP/1.1" 200 2389 "http://localhost:3000/login" "Mozilla/5.0 (Windows NT 6.1; WOW64) AppleWebKit/537.36 (KHTML, like Gecko) Chrome/43.0.2327.5 Safari/537.36"
::1 - - [Thu, 30 Jul 2015 09:41:56 GMT] "GET /stylesheets/style.css HTTP/1.1" 304 - "http://localhost:3000/" "Mozilla/5.0 (Windows NT 6.1; WOW64) AppleWebKit/537.36 (KHTML, like Gecko) Chrome/43.0.2327.5 Safari/537.36"
::1 - - [Thu, 30 Jul 2015 09:41:56 GMT] "GET / HTTP/1.1" 304 - "http://localhost:3000/login" "Mozilla/5.0 (Windows NT 6.1; WOW64) AppleWebKit/537.36 (KHTML, like Gecko) Chrome/43.0.2327.5 Safari/537.36"
::1 - - [Thu, 30 Jul 2015 09:41:56 GMT] "GET /stylesheets/style.css HTTP/1.1" 304 - "http://localhost:3000/" "Mozilla/5.0 (Windows NT 6.1; WOW64) AppleWebKit/537.36 (KHTML, like Gecko) Chrome/43.0.2327.5 Safari/537.36"
::1 - - [Thu, 30 Jul 2015 09:41:57 GMT] "GET / HTTP/1.1" 304 - "http://localhost:3000/login" "Mozilla/5.0 (Windows NT 6.1; WOW64) AppleWebKit/537.36 (KHTML, like Gecko) Chrome/43.0.2327.5 Safari/537.36"
::1 - - [Thu, 30 Jul 2015 09:41:57 GMT] "GET /stylesheets/style.css HTTP/1.1" 304 - "http://localhost:3000/" "Mozilla/5.0 (Windows NT 6.1; WOW64) AppleWebKit/537.36 (KHTML, like Gecko) Chrome/43.0.2327.5 Safari/537.36"
::1 - - [Thu, 30 Jul 2015 09:41:57 GMT] "GET /p/55b9f141a8635f7026c9fa74 HTTP/1.1" 500 1476 "http://localhost:3000/" "Mozilla/5.0 (Windows NT 6.1; WOW64) AppleWebKit/537.36 (KHTML, like Gecko) Chrome/43.0.2327.5 Safari/537.36"
::1 - - [Thu, 30 Jul 2015 09:41:58 GMT] "GET /p/55b9f141a8635f7026c9fa74 HTTP/1.1" 500 1476 "http://localhost:3000/" "Mozilla/5.0 (Windows NT 6.1; WOW64) AppleWebKit/537.36 (KHTML, like Gecko) Chrome/43.0.2327.5 Safari/537.36"
::1 - - [Thu, 30 Jul 2015 09:41:59 GMT] "GET /p/55b9f141a8635f7026c9fa74 HTTP/1.1" 500 1476 "http://localhost:3000/" "Mozilla/5.0 (Windows NT 6.1; WOW64) AppleWebKit/537.36 (KHTML, like Gecko) Chrome/43.0.2327.5 Safari/537.36"
::1 - - [Thu, 30 Jul 2015 09:41:59 GMT] "GET /p/55b9f141a8635f7026c9fa74 HTTP/1.1" 500 1476 "http://localhost:3000/" "Mozilla/5.0 (Windows NT 6.1; WOW64) AppleWebKit/537.36 (KHTML, like Gecko) Chrome/43.0.2327.5 Safari/537.36"
::1 - - [Thu, 30 Jul 2015 09:41:59 GMT] "GET /p/55b9f141a8635f7026c9fa74 HTTP/1.1" 500 1476 "http://localhost:3000/" "Mozilla/5.0 (Windows NT 6.1; WOW64) AppleWebKit/537.36 (KHTML, like Gecko) Chrome/43.0.2327.5 Safari/537.36"
::1 - - [Thu, 30 Jul 2015 09:42:00 GMT] "GET /p/55b9f141a8635f7026c9fa74 HTTP/1.1" 500 1476 "http://localhost:3000/" "Mozilla/5.0 (Windows NT 6.1; WOW64) AppleWebKit/537.36 (KHTML, like Gecko) Chrome/43.0.2327.5 Safari/537.36"
::1 - - [Thu, 30 Jul 2015 09:42:00 GMT] "GET /p/55b9f141a8635f7026c9fa74 HTTP/1.1" 500 1476 "http://localhost:3000/" "Mozilla/5.0 (Windows NT 6.1; WOW64) AppleWebKit/537.36 (KHTML, like Gecko) Chrome/43.0.2327.5 Safari/537.36"
::1 - - [Thu, 30 Jul 2015 09:42:00 GMT] "GET /p/55b9f141a8635f7026c9fa74 HTTP/1.1" 500 1476 "http://localhost:3000/" "Mozilla/5.0 (Windows NT 6.1; WOW64) AppleWebKit/537.36 (KHTML, like Gecko) Chrome/43.0.2327.5 Safari/537.36"
::1 - - [Thu, 30 Jul 2015 09:42:00 GMT] "GET /p/55b9f141a8635f7026c9fa74 HTTP/1.1" 500 1476 "http://localhost:3000/" "Mozilla/5.0 (Windows NT 6.1; WOW64) AppleWebKit/537.36 (KHTML, like Gecko) Chrome/43.0.2327.5 Safari/537.36"
::1 - - [Thu, 30 Jul 2015 09:42:01 GMT] "GET /p/55b9f141a8635f7026c9fa74 HTTP/1.1" 500 1476 "http://localhost:3000/" "Mozilla/5.0 (Windows NT 6.1; WOW64) AppleWebKit/537.36 (KHTML, like Gecko) Chrome/43.0.2327.5 Safari/537.36"
::1 - - [Thu, 30 Jul 2015 09:42:01 GMT] "GET /p/55b9f141a8635f7026c9fa74 HTTP/1.1" 500 1476 "http://localhost:3000/" "Mozilla/5.0 (Windows NT 6.1; WOW64) AppleWebKit/537.36 (KHTML, like Gecko) Chrome/43.0.2327.5 Safari/537.36"
::1 - - [Thu, 30 Jul 2015 09:42:01 GMT] "GET /p/55b9f141a8635f7026c9fa74 HTTP/1.1" 500 1476 "http://localhost:3000/" "Mozilla/5.0 (Windows NT 6.1; WOW64) AppleWebKit/537.36 (KHTML, like Gecko) Chrome/43.0.2327.5 Safari/537.36"
::1 - - [Thu, 30 Jul 2015 09:42:01 GMT] "GET /p/55b9f141a8635f7026c9fa74 HTTP/1.1" 500 1476 "http://localhost:3000/" "Mozilla/5.0 (Windows NT 6.1; WOW64) AppleWebKit/537.36 (KHTML, like Gecko) Chrome/43.0.2327.5 Safari/537.36"
::1 - - [Thu, 30 Jul 2015 09:42:02 GMT] "GET /p/55b9f141a8635f7026c9fa74 HTTP/1.1" 500 1476 "http://localhost:3000/" "Mozilla/5.0 (Windows NT 6.1; WOW64) AppleWebKit/537.36 (KHTML, like Gecko) Chrome/43.0.2327.5 Safari/537.36"
::1 - - [Thu, 30 Jul 2015 09:42:02 GMT] "GET /p/55b9f141a8635f7026c9fa74 HTTP/1.1" 500 1476 "http://localhost:3000/" "Mozilla/5.0 (Windows NT 6.1; WOW64) AppleWebKit/537.36 (KHTML, like Gecko) Chrome/43.0.2327.5 Safari/537.36"
::1 - - [Thu, 30 Jul 2015 09:42:02 GMT] "GET /p/55b9f141a8635f7026c9fa74 HTTP/1.1" 500 1476 "http://localhost:3000/" "Mozilla/5.0 (Windows NT 6.1; WOW64) AppleWebKit/537.36 (KHTML, like Gecko) Chrome/43.0.2327.5 Safari/537.36"
::1 - - [Thu, 30 Jul 2015 09:42:02 GMT] "GET /p/55b9f141a8635f7026c9fa74 HTTP/1.1" 500 1476 "http://localhost:3000/" "Mozilla/5.0 (Windows NT 6.1; WOW64) AppleWebKit/537.36 (KHTML, like Gecko) Chrome/43.0.2327.5 Safari/537.36"
::1 - - [Thu, 30 Jul 2015 09:42:02 GMT] "GET /p/55b9f141a8635f7026c9fa74 HTTP/1.1" 500 1476 "http://localhost:3000/" "Mozilla/5.0 (Windows NT 6.1; WOW64) AppleWebKit/537.36 (KHTML, like Gecko) Chrome/43.0.2327.5 Safari/537.36"
::1 - - [Thu, 30 Jul 2015 09:42:15 GMT] "GET /p/55b9f141a8635f7026c9fa74 HTTP/1.1" 200 1732 "http://localhost:3000/" "Mozilla/5.0 (Windows NT 6.1; WOW64) AppleWebKit/537.36 (KHTML, like Gecko) Chrome/43.0.2327.5 Safari/537.36"
::1 - - [Thu, 30 Jul 2015 09:42:15 GMT] "GET /stylesheets/style.css HTTP/1.1" 304 - "http://localhost:3000/p/55b9f141a8635f7026c9fa74" "Mozilla/5.0 (Windows NT 6.1; WOW64) AppleWebKit/537.36 (KHTML, like Gecko) Chrome/43.0.2327.5 Safari/537.36"
::1 - - [Thu, 30 Jul 2015 09:42:16 GMT] "GET /p/55b9f141a8635f7026c9fa74 HTTP/1.1" 200 1732 "http://localhost:3000/" "Mozilla/5.0 (Windows NT 6.1; WOW64) AppleWebKit/537.36 (KHTML, like Gecko) Chrome/43.0.2327.5 Safari/537.36"
::1 - - [Thu, 30 Jul 2015 09:42:16 GMT] "GET /stylesheets/style.css HTTP/1.1" 304 - "http://localhost:3000/p/55b9f141a8635f7026c9fa74" "Mozilla/5.0 (Windows NT 6.1; WOW64) AppleWebKit/537.36 (KHTML, like Gecko) Chrome/43.0.2327.5 Safari/537.36"
::1 - - [Thu, 30 Jul 2015 09:42:16 GMT] "GET /p/55b9f141a8635f7026c9fa74 HTTP/1.1" 200 1732 "http://localhost:3000/" "Mozilla/5.0 (Windows NT 6.1; WOW64) AppleWebKit/537.36 (KHTML, like Gecko) Chrome/43.0.2327.5 Safari/537.36"
::1 - - [Thu, 30 Jul 2015 09:42:16 GMT] "GET /stylesheets/style.css HTTP/1.1" 304 - "http://localhost:3000/p/55b9f141a8635f7026c9fa74" "Mozilla/5.0 (Windows NT 6.1; WOW64) AppleWebKit/537.36 (KHTML, like Gecko) Chrome/43.0.2327.5 Safari/537.36"
::1 - - [Thu, 30 Jul 2015 09:42:16 GMT] "GET /p/55b9f141a8635f7026c9fa74 HTTP/1.1" 200 1732 "http://localhost:3000/" "Mozilla/5.0 (Windows NT 6.1; WOW64) AppleWebKit/537.36 (KHTML, like Gecko) Chrome/43.0.2327.5 Safari/537.36"
::1 - - [Thu, 30 Jul 2015 09:42:17 GMT] "GET /stylesheets/style.css HTTP/1.1" 304 - "http://localhost:3000/p/55b9f141a8635f7026c9fa74" "Mozilla/5.0 (Windows NT 6.1; WOW64) AppleWebKit/537.36 (KHTML, like Gecko) Chrome/43.0.2327.5 Safari/537.36"
::1 - - [Thu, 30 Jul 2015 09:42:17 GMT] "GET /p/55b9f141a8635f7026c9fa74 HTTP/1.1" 200 1732 "http://localhost:3000/" "Mozilla/5.0 (Windows NT 6.1; WOW64) AppleWebKit/537.36 (KHTML, like Gecko) Chrome/43.0.2327.5 Safari/537.36"
::1 - - [Thu, 30 Jul 2015 09:42:17 GMT] "GET /stylesheets/style.css HTTP/1.1" 304 - "http://localhost:3000/p/55b9f141a8635f7026c9fa74" "Mozilla/5.0 (Windows NT 6.1; WOW64) AppleWebKit/537.36 (KHTML, like Gecko) Chrome/43.0.2327.5 Safari/537.36"
::1 - - [Thu, 30 Jul 2015 09:42:17 GMT] "GET /p/55b9f141a8635f7026c9fa74 HTTP/1.1" 200 1732 "http://localhost:3000/" "Mozilla/5.0 (Windows NT 6.1; WOW64) AppleWebKit/537.36 (KHTML, like Gecko) Chrome/43.0.2327.5 Safari/537.36"
::1 - - [Thu, 30 Jul 2015 09:42:17 GMT] "GET /stylesheets/style.css HTTP/1.1" 304 - "http://localhost:3000/p/55b9f141a8635f7026c9fa74" "Mozilla/5.0 (Windows NT 6.1; WOW64) AppleWebKit/537.36 (KHTML, like Gecko) Chrome/43.0.2327.5 Safari/537.36"
::1 - - [Thu, 30 Jul 2015 09:42:17 GMT] "GET /p/55b9f141a8635f7026c9fa74 HTTP/1.1" 200 1732 "http://localhost:3000/" "Mozilla/5.0 (Windows NT 6.1; WOW64) AppleWebKit/537.36 (KHTML, like Gecko) Chrome/43.0.2327.5 Safari/537.36"
::1 - - [Thu, 30 Jul 2015 09:42:17 GMT] "GET /stylesheets/style.css HTTP/1.1" 304 - "http://localhost:3000/p/55b9f141a8635f7026c9fa74" "Mozilla/5.0 (Windows NT 6.1; WOW64) AppleWebKit/537.36 (KHTML, like Gecko) Chrome/43.0.2327.5 Safari/537.36"
::1 - - [Thu, 30 Jul 2015 09:46:03 GMT] "GET /p/55b9f141a8635f7026c9fa74 HTTP/1.1" 200 1732 "http://localhost:3000/" "Mozilla/5.0 (Windows NT 6.1; WOW64) AppleWebKit/537.36 (KHTML, like Gecko) Chrome/43.0.2327.5 Safari/537.36"
::1 - - [Thu, 30 Jul 2015 09:46:03 GMT] "GET /stylesheets/style.css HTTP/1.1" 304 - "http://localhost:3000/p/55b9f141a8635f7026c9fa74" "Mozilla/5.0 (Windows NT 6.1; WOW64) AppleWebKit/537.36 (KHTML, like Gecko) Chrome/43.0.2327.5 Safari/537.36"
::1 - - [Thu, 30 Jul 2015 09:46:04 GMT] "GET /p/55b9f141a8635f7026c9fa74 HTTP/1.1" 200 1732 "http://localhost:3000/" "Mozilla/5.0 (Windows NT 6.1; WOW64) AppleWebKit/537.36 (KHTML, like Gecko) Chrome/43.0.2327.5 Safari/537.36"
::1 - - [Thu, 30 Jul 2015 09:46:04 GMT] "GET /stylesheets/style.css HTTP/1.1" 304 - "http://localhost:3000/p/55b9f141a8635f7026c9fa74" "Mozilla/5.0 (Windows NT 6.1; WOW64) AppleWebKit/537.36 (KHTML, like Gecko) Chrome/43.0.2327.5 Safari/537.36"
::1 - - [Thu, 30 Jul 2015 09:46:04 GMT] "GET /archive HTTP/1.1" 200 1859 "http://localhost:3000/p/55b9f141a8635f7026c9fa74" "Mozilla/5.0 (Windows NT 6.1; WOW64) AppleWebKit/537.36 (KHTML, like Gecko) Chrome/43.0.2327.5 Safari/537.36"
::1 - - [Thu, 30 Jul 2015 09:46:05 GMT] "GET /stylesheets/style.css HTTP/1.1" 304 - "http://localhost:3000/archive" "Mozilla/5.0 (Windows NT 6.1; WOW64) AppleWebKit/537.36 (KHTML, like Gecko) Chrome/43.0.2327.5 Safari/537.36"
::1 - - [Thu, 30 Jul 2015 09:46:06 GMT] "GET /p/55b9f141a8635f7026c9fa74 HTTP/1.1" 200 1732 "http://localhost:3000/archive" "Mozilla/5.0 (Windows NT 6.1; WOW64) AppleWebKit/537.36 (KHTML, like Gecko) Chrome/43.0.2327.5 Safari/537.36"
::1 - - [Thu, 30 Jul 2015 09:46:06 GMT] "GET /stylesheets/style.css HTTP/1.1" 304 - "http://localhost:3000/p/55b9f141a8635f7026c9fa74" "Mozilla/5.0 (Windows NT 6.1; WOW64) AppleWebKit/537.36 (KHTML, like Gecko) Chrome/43.0.2327.5 Safari/537.36"
::1 - - [Thu, 30 Jul 2015 09:46:07 GMT] "GET /tags HTTP/1.1" 304 - "http://localhost:3000/p/55b9f141a8635f7026c9fa74" "Mozilla/5.0 (Windows NT 6.1; WOW64) AppleWebKit/537.36 (KHTML, like Gecko) Chrome/43.0.2327.5 Safari/537.36"
::1 - - [Thu, 30 Jul 2015 09:46:07 GMT] "GET /stylesheets/style.css HTTP/1.1" 304 - "http://localhost:3000/tags" "Mozilla/5.0 (Windows NT 6.1; WOW64) AppleWebKit/537.36 (KHTML, like Gecko) Chrome/43.0.2327.5 Safari/537.36"
::1 - - [Thu, 30 Jul 2015 09:46:08 GMT] "GET /tags HTTP/1.1" 304 - "http://localhost:3000/p/55b9f141a8635f7026c9fa74" "Mozilla/5.0 (Windows NT 6.1; WOW64) AppleWebKit/537.36 (KHTML, like Gecko) Chrome/43.0.2327.5 Safari/537.36"
::1 - - [Thu, 30 Jul 2015 09:46:08 GMT] "GET /stylesheets/style.css HTTP/1.1" 304 - "http://localhost:3000/tags" "Mozilla/5.0 (Windows NT 6.1; WOW64) AppleWebKit/537.36 (KHTML, like Gecko) Chrome/43.0.2327.5 Safari/537.36"
::1 - - [Thu, 30 Jul 2015 09:46:09 GMT] "GET /links HTTP/1.1" 304 - "http://localhost:3000/tags" "Mozilla/5.0 (Windows NT 6.1; WOW64) AppleWebKit/537.36 (KHTML, like Gecko) Chrome/43.0.2327.5 Safari/537.36"
::1 - - [Thu, 30 Jul 2015 09:46:09 GMT] "GET /stylesheets/style.css HTTP/1.1" 304 - "http://localhost:3000/links" "Mozilla/5.0 (Windows NT 6.1; WOW64) AppleWebKit/537.36 (KHTML, like Gecko) Chrome/43.0.2327.5 Safari/537.36"
::1 - - [Thu, 30 Jul 2015 09:46:09 GMT] "GET /login HTTP/1.1" 200 1718 "http://localhost:3000/links" "Mozilla/5.0 (Windows NT 6.1; WOW64) AppleWebKit/537.36 (KHTML, like Gecko) Chrome/43.0.2327.5 Safari/537.36"
::1 - - [Thu, 30 Jul 2015 09:46:09 GMT] "GET /stylesheets/style.css HTTP/1.1" 304 - "http://localhost:3000/login" "Mozilla/5.0 (Windows NT 6.1; WOW64) AppleWebKit/537.36 (KHTML, like Gecko) Chrome/43.0.2327.5 Safari/537.36"
::1 - - [Thu, 30 Jul 2015 09:46:11 GMT] "GET / HTTP/1.1" 200 2333 "http://localhost:3000/login" "Mozilla/5.0 (Windows NT 6.1; WOW64) AppleWebKit/537.36 (KHTML, like Gecko) Chrome/43.0.2327.5 Safari/537.36"
::1 - - [Thu, 30 Jul 2015 09:46:11 GMT] "GET /stylesheets/style.css HTTP/1.1" 304 - "http://localhost:3000/" "Mozilla/5.0 (Windows NT 6.1; WOW64) AppleWebKit/537.36 (KHTML, like Gecko) Chrome/43.0.2327.5 Safari/537.36"
::1 - - [Thu, 30 Jul 2015 09:46:11 GMT] "GET / HTTP/1.1" 304 - "http://localhost:3000/login" "Mozilla/5.0 (Windows NT 6.1; WOW64) AppleWebKit/537.36 (KHTML, like Gecko) Chrome/43.0.2327.5 Safari/537.36"
::1 - - [Thu, 30 Jul 2015 09:46:11 GMT] "GET /stylesheets/style.css HTTP/1.1" 304 - "http://localhost:3000/" "Mozilla/5.0 (Windows NT 6.1; WOW64) AppleWebKit/537.36 (KHTML, like Gecko) Chrome/43.0.2327.5 Safari/537.36"
::1 - - [Thu, 30 Jul 2015 09:46:11 GMT] "GET /archive HTTP/1.1" 304 - "http://localhost:3000/" "Mozilla/5.0 (Windows NT 6.1; WOW64) AppleWebKit/537.36 (KHTML, like Gecko) Chrome/43.0.2327.5 Safari/537.36"
::1 - - [Thu, 30 Jul 2015 09:46:12 GMT] "GET /stylesheets/style.css HTTP/1.1" 304 - "http://localhost:3000/archive" "Mozilla/5.0 (Windows NT 6.1; WOW64) AppleWebKit/537.36 (KHTML, like Gecko) Chrome/43.0.2327.5 Safari/537.36"
::1 - - [Thu, 30 Jul 2015 09:46:12 GMT] "GET / HTTP/1.1" 304 - "http://localhost:3000/archive" "Mozilla/5.0 (Windows NT 6.1; WOW64) AppleWebKit/537.36 (KHTML, like Gecko) Chrome/43.0.2327.5 Safari/537.36"
::1 - - [Thu, 30 Jul 2015 09:46:12 GMT] "GET /stylesheets/style.css HTTP/1.1" 304 - "http://localhost:3000/" "Mozilla/5.0 (Windows NT 6.1; WOW64) AppleWebKit/537.36 (KHTML, like Gecko) Chrome/43.0.2327.5 Safari/537.36"
::1 - - [Thu, 30 Jul 2015 09:46:12 GMT] "GET / HTTP/1.1" 304 - "http://localhost:3000/archive" "Mozilla/5.0 (Windows NT 6.1; WOW64) AppleWebKit/537.36 (KHTML, like Gecko) Chrome/43.0.2327.5 Safari/537.36"
::1 - - [Thu, 30 Jul 2015 09:46:12 GMT] "GET /stylesheets/style.css HTTP/1.1" 304 - "http://localhost:3000/" "Mozilla/5.0 (Windows NT 6.1; WOW64) AppleWebKit/537.36 (KHTML, like Gecko) Chrome/43.0.2327.5 Safari/537.36"
::1 - - [Thu, 30 Jul 2015 09:46:13 GMT] "GET / HTTP/1.1" 304 - "http://localhost:3000/" "Mozilla/5.0 (Windows NT 6.1; WOW64) AppleWebKit/537.36 (KHTML, like Gecko) Chrome/43.0.2327.5 Safari/537.36"
::1 - - [Thu, 30 Jul 2015 09:46:13 GMT] "GET /stylesheets/style.css HTTP/1.1" 304 - "http://localhost:3000/" "Mozilla/5.0 (Windows NT 6.1; WOW64) AppleWebKit/537.36 (KHTML, like Gecko) Chrome/43.0.2327.5 Safari/537.36"
::1 - - [Thu, 30 Jul 2015 09:46:13 GMT] "GET /archive HTTP/1.1" 304 - "http://localhost:3000/" "Mozilla/5.0 (Windows NT 6.1; WOW64) AppleWebKit/537.36 (KHTML, like Gecko) Chrome/43.0.2327.5 Safari/537.36"
::1 - - [Thu, 30 Jul 2015 09:46:13 GMT] "GET /stylesheets/style.css HTTP/1.1" 304 - "http://localhost:3000/archive" "Mozilla/5.0 (Windows NT 6.1; WOW64) AppleWebKit/537.36 (KHTML, like Gecko) Chrome/43.0.2327.5 Safari/537.36"
::1 - - [Thu, 30 Jul 2015 09:46:14 GMT] "GET / HTTP/1.1" 304 - "http://localhost:3000/archive" "Mozilla/5.0 (Windows NT 6.1; WOW64) AppleWebKit/537.36 (KHTML, like Gecko) Chrome/43.0.2327.5 Safari/537.36"
::1 - - [Thu, 30 Jul 2015 09:46:14 GMT] "GET /stylesheets/style.css HTTP/1.1" 304 - "http://localhost:3000/" "Mozilla/5.0 (Windows NT 6.1; WOW64) AppleWebKit/537.36 (KHTML, like Gecko) Chrome/43.0.2327.5 Safari/537.36"
::1 - - [Thu, 30 Jul 2015 09:46:14 GMT] "GET /archive HTTP/1.1" 304 - "http://localhost:3000/" "Mozilla/5.0 (Windows NT 6.1; WOW64) AppleWebKit/537.36 (KHTML, like Gecko) Chrome/43.0.2327.5 Safari/537.36"
::1 - - [Thu, 30 Jul 2015 09:46:14 GMT] "GET /stylesheets/style.css HTTP/1.1" 304 - "http://localhost:3000/archive" "Mozilla/5.0 (Windows NT 6.1; WOW64) AppleWebKit/537.36 (KHTML, like Gecko) Chrome/43.0.2327.5 Safari/537.36"
::1 - - [Thu, 30 Jul 2015 09:46:15 GMT] "GET / HTTP/1.1" 304 - "http://localhost:3000/archive" "Mozilla/5.0 (Windows NT 6.1; WOW64) AppleWebKit/537.36 (KHTML, like Gecko) Chrome/43.0.2327.5 Safari/537.36"
::1 - - [Thu, 30 Jul 2015 09:46:15 GMT] "GET /stylesheets/style.css HTTP/1.1" 304 - "http://localhost:3000/" "Mozilla/5.0 (Windows NT 6.1; WOW64) AppleWebKit/537.36 (KHTML, like Gecko) Chrome/43.0.2327.5 Safari/537.36"
::1 - - [Thu, 30 Jul 2015 09:46:15 GMT] "GET /archive HTTP/1.1" 304 - "http://localhost:3000/" "Mozilla/5.0 (Windows NT 6.1; WOW64) AppleWebKit/537.36 (KHTML, like Gecko) Chrome/43.0.2327.5 Safari/537.36"
::1 - - [Thu, 30 Jul 2015 09:46:15 GMT] "GET /stylesheets/style.css HTTP/1.1" 304 - "http://localhost:3000/archive" "Mozilla/5.0 (Windows NT 6.1; WOW64) AppleWebKit/537.36 (KHTML, like Gecko) Chrome/43.0.2327.5 Safari/537.36"
::1 - - [Thu, 30 Jul 2015 09:46:15 GMT] "GET /tags HTTP/1.1" 304 - "http://localhost:3000/archive" "Mozilla/5.0 (Windows NT 6.1; WOW64) AppleWebKit/537.36 (KHTML, like Gecko) Chrome/43.0.2327.5 Safari/537.36"
::1 - - [Thu, 30 Jul 2015 09:46:15 GMT] "GET /stylesheets/style.css HTTP/1.1" 304 - "http://localhost:3000/tags" "Mozilla/5.0 (Windows NT 6.1; WOW64) AppleWebKit/537.36 (KHTML, like Gecko) Chrome/43.0.2327.5 Safari/537.36"
::1 - - [Thu, 30 Jul 2015 09:46:15 GMT] "GET /tags HTTP/1.1" 304 - "http://localhost:3000/tags" "Mozilla/5.0 (Windows NT 6.1; WOW64) AppleWebKit/537.36 (KHTML, like Gecko) Chrome/43.0.2327.5 Safari/537.36"
::1 - - [Thu, 30 Jul 2015 09:46:15 GMT] "GET /stylesheets/style.css HTTP/1.1" 304 - "http://localhost:3000/tags" "Mozilla/5.0 (Windows NT 6.1; WOW64) AppleWebKit/537.36 (KHTML, like Gecko) Chrome/43.0.2327.5 Safari/537.36"
::1 - - [Thu, 30 Jul 2015 09:46:16 GMT] "GET /links HTTP/1.1" 304 - "http://localhost:3000/tags" "Mozilla/5.0 (Windows NT 6.1; WOW64) AppleWebKit/537.36 (KHTML, like Gecko) Chrome/43.0.2327.5 Safari/537.36"
::1 - - [Thu, 30 Jul 2015 09:46:16 GMT] "GET /stylesheets/style.css HTTP/1.1" 304 - "http://localhost:3000/links" "Mozilla/5.0 (Windows NT 6.1; WOW64) AppleWebKit/537.36 (KHTML, like Gecko) Chrome/43.0.2327.5 Safari/537.36"
::1 - - [Thu, 30 Jul 2015 09:46:16 GMT] "GET /tags HTTP/1.1" 304 - "http://localhost:3000/links" "Mozilla/5.0 (Windows NT 6.1; WOW64) AppleWebKit/537.36 (KHTML, like Gecko) Chrome/43.0.2327.5 Safari/537.36"
::1 - - [Thu, 30 Jul 2015 09:46:16 GMT] "GET /stylesheets/style.css HTTP/1.1" 304 - "http://localhost:3000/tags" "Mozilla/5.0 (Windows NT 6.1; WOW64) AppleWebKit/537.36 (KHTML, like Gecko) Chrome/43.0.2327.5 Safari/537.36"
::1 - - [Thu, 30 Jul 2015 09:46:16 GMT] "GET /archive HTTP/1.1" 304 - "http://localhost:3000/tags" "Mozilla/5.0 (Windows NT 6.1; WOW64) AppleWebKit/537.36 (KHTML, like Gecko) Chrome/43.0.2327.5 Safari/537.36"
::1 - - [Thu, 30 Jul 2015 09:46:16 GMT] "GET /stylesheets/style.css HTTP/1.1" 304 - "http://localhost:3000/archive" "Mozilla/5.0 (Windows NT 6.1; WOW64) AppleWebKit/537.36 (KHTML, like Gecko) Chrome/43.0.2327.5 Safari/537.36"
::1 - - [Thu, 30 Jul 2015 09:46:17 GMT] "GET / HTTP/1.1" 304 - "http://localhost:3000/archive" "Mozilla/5.0 (Windows NT 6.1; WOW64) AppleWebKit/537.36 (KHTML, like Gecko) Chrome/43.0.2327.5 Safari/537.36"
::1 - - [Thu, 30 Jul 2015 09:46:17 GMT] "GET /stylesheets/style.css HTTP/1.1" 304 - "http://localhost:3000/" "Mozilla/5.0 (Windows NT 6.1; WOW64) AppleWebKit/537.36 (KHTML, like Gecko) Chrome/43.0.2327.5 Safari/537.36"
::1 - - [Thu, 30 Jul 2015 09:46:38 GMT] "GET /p/55b9f141a8635f7026c9fa74 HTTP/1.1" 200 1732 "http://localhost:3000/" "Mozilla/5.0 (Windows NT 6.1; WOW64) AppleWebKit/537.36 (KHTML, like Gecko) Chrome/43.0.2327.5 Safari/537.36"
::1 - - [Thu, 30 Jul 2015 09:46:38 GMT] "GET /stylesheets/style.css HTTP/1.1" 304 - "http://localhost:3000/p/55b9f141a8635f7026c9fa74" "Mozilla/5.0 (Windows NT 6.1; WOW64) AppleWebKit/537.36 (KHTML, like Gecko) Chrome/43.0.2327.5 Safari/537.36"
::1 - - [Thu, 30 Jul 2015 09:50:35 GMT] "GET / HTTP/1.1" 200 2333 "http://localhost:3000/archive" "Mozilla/5.0 (Windows NT 6.1; WOW64) AppleWebKit/537.36 (KHTML, like Gecko) Chrome/43.0.2327.5 Safari/537.36"
::1 - - [Thu, 30 Jul 2015 09:50:35 GMT] "GET /stylesheets/style.css HTTP/1.1" 304 - "http://localhost:3000/" "Mozilla/5.0 (Windows NT 6.1; WOW64) AppleWebKit/537.36 (KHTML, like Gecko) Chrome/43.0.2327.5 Safari/537.36"
::1 - - [Thu, 30 Jul 2015 09:50:39 GMT] "GET / HTTP/1.1" 304 - "http://localhost:3000/" "Mozilla/5.0 (Windows NT 6.1; WOW64) AppleWebKit/537.36 (KHTML, like Gecko) Chrome/43.0.2327.5 Safari/537.36"
::1 - - [Thu, 30 Jul 2015 09:50:39 GMT] "GET /stylesheets/style.css HTTP/1.1" 304 - "http://localhost:3000/" "Mozilla/5.0 (Windows NT 6.1; WOW64) AppleWebKit/537.36 (KHTML, like Gecko) Chrome/43.0.2327.5 Safari/537.36"
::1 - - [Thu, 30 Jul 2015 09:50:42 GMT] "GET /archive HTTP/1.1" 304 - "http://localhost:3000/" "Mozilla/5.0 (Windows NT 6.1; WOW64) AppleWebKit/537.36 (KHTML, like Gecko) Chrome/43.0.2327.5 Safari/537.36"
::1 - - [Thu, 30 Jul 2015 09:50:42 GMT] "GET /stylesheets/style.css HTTP/1.1" 304 - "http://localhost:3000/archive" "Mozilla/5.0 (Windows NT 6.1; WOW64) AppleWebKit/537.36 (KHTML, like Gecko) Chrome/43.0.2327.5 Safari/537.36"
::1 - - [Thu, 30 Jul 2015 09:50:43 GMT] "GET /p/55b9f141a8635f7026c9fa74 HTTP/1.1" 200 2411 "http://localhost:3000/archive" "Mozilla/5.0 (Windows NT 6.1; WOW64) AppleWebKit/537.36 (KHTML, like Gecko) Chrome/43.0.2327.5 Safari/537.36"
::1 - - [Thu, 30 Jul 2015 09:50:43 GMT] "GET /stylesheets/style.css HTTP/1.1" 304 - "http://localhost:3000/p/55b9f141a8635f7026c9fa74" "Mozilla/5.0 (Windows NT 6.1; WOW64) AppleWebKit/537.36 (KHTML, like Gecko) Chrome/43.0.2327.5 Safari/537.36"
